<?xml version="1.0" encoding="UTF-8"?>
<testsuite xmlns:xsi="http://www.w3.org/2001/XMLSchema-instance" xsi:noNamespaceSchemaLocation="https://maven.apache.org/surefire/maven-surefire-plugin/xsd/surefire-test-report.xsd" version="3.0.2" name="com.example.hotel_reservation.HotelReservationApplicationTests" time="9.376" tests="1" errors="0" skipped="0" failures="0">
  <properties>
[...]
</properties>
  <testcase name="contextLoads" classname="com.example.hotel_reservation.HotelReservationApplicationTests" time="0.641">
    <system-out><![CDATA[04:01:04.842 [main] INFO org.springframework.test.context.support.AnnotationConfigContextLoaderUtils -- Could not detect default configuration classes for test class [com.example.hotel_reservation.HotelReservationApplicationTests]: HotelReservationApplicationTests does not declare any static, non-private, non-final, nested classes annotated with @Configuration.
04:01:05.015 [main] INFO org.springframework.boot.test.context.SpringBootTestContextBootstrapper -- Found @SpringBootConfiguration com.example.hotel_reservation.HotelReservationApplication for test class com.example.hotel_reservation.HotelReservationApplicationTests

  .   ____          _            __ _ _
 /\\ / ___'_ __ _ _(_)_ __  __ _ \ \ \ \
( ( )\___ | '_ | '_| | '_ \/ _` | \ \ \ \
 \\/  ___)| |_)| | | | | || (_| |  ) ) ) )
  '  |____| .__|_| |_|_| |_\__, | / / / /
 =========|_|==============|___/=/_/_/_/

 :: Spring Boot ::                (v3.4.0)

2024-12-19T04:01:05.641+08:00  INFO 11984 --- [hotel_reservation] [           main] c.e.h.HotelReservationApplicationTests   : Starting HotelReservationApplicationTests using Java 23.0.1 with PID 11984 (started by Jimmy Laio in C:\Users\Jimmy Laio\Desktop\hotel_reservation)
2024-12-19T04:01:05.642+08:00  INFO 11984 --- [hotel_reservation] [           main] c.e.h.HotelReservationApplicationTests   : No active profile set, falling back to 1 default profile: "default"
2024-12-19T04:01:05.643+08:00 DEBUG 11984 --- [hotel_reservation] [           main] o.s.boot.SpringApplication               : Loading source class com.example.hotel_reservation.HotelReservationApplication
2024-12-19T04:01:05.722+08:00 DEBUG 11984 --- [hotel_reservation] [           main] o.s.w.c.s.GenericWebApplicationContext   : Refreshing org.springframework.web.context.support.GenericWebApplicationContext@5fd9b663
2024-12-19T04:01:05.761+08:00 DEBUG 11984 --- [hotel_reservation] [           main] o.s.b.f.s.DefaultListableBeanFactory     : Creating shared instance of singleton bean 'org.springframework.context.annotation.internalConfigurationAnnotationProcessor'
2024-12-19T04:01:05.797+08:00 DEBUG 11984 --- [hotel_reservation] [           main] o.s.b.f.s.DefaultListableBeanFactory     : Creating shared instance of singleton bean 'org.springframework.boot.autoconfigure.internalCachingMetadataReaderFactory'
2024-12-19T04:01:05.881+08:00 DEBUG 11984 --- [hotel_reservation] [           main] o.s.c.a.ClassPathBeanDefinitionScanner   : Identified candidate component class: file [C:\Users\Jimmy Laio\Desktop\hotel_reservation\target\classes\com\example\hotel_reservation\config\GlobalCorsConfig.class]
2024-12-19T04:01:05.912+08:00 DEBUG 11984 --- [hotel_reservation] [           main] o.s.c.a.ClassPathBeanDefinitionScanner   : Identified candidate component class: file [C:\Users\Jimmy Laio\Desktop\hotel_reservation\target\classes\com\example\hotel_reservation\controller\CustomerController.class]
2024-12-19T04:01:05.915+08:00 DEBUG 11984 --- [hotel_reservation] [           main] o.s.c.a.ClassPathBeanDefinitionScanner   : Identified candidate component class: file [C:\Users\Jimmy Laio\Desktop\hotel_reservation\target\classes\com\example\hotel_reservation\controller\ReservationController.class]
2024-12-19T04:01:05.918+08:00 DEBUG 11984 --- [hotel_reservation] [           main] o.s.c.a.ClassPathBeanDefinitionScanner   : Identified candidate component class: file [C:\Users\Jimmy Laio\Desktop\hotel_reservation\target\classes\com\example\hotel_reservation\controller\RoomController.class]
2024-12-19T04:01:05.937+08:00 DEBUG 11984 --- [hotel_reservation] [           main] o.s.c.a.ClassPathBeanDefinitionScanner   : Ignored because not a concrete top-level class: file [C:\Users\Jimmy Laio\Desktop\hotel_reservation\target\classes\com\example\hotel_reservation\repository\CustomerRepository.class]
2024-12-19T04:01:05.940+08:00 DEBUG 11984 --- [hotel_reservation] [           main] o.s.c.a.ClassPathBeanDefinitionScanner   : Ignored because not a concrete top-level class: file [C:\Users\Jimmy Laio\Desktop\hotel_reservation\target\classes\com\example\hotel_reservation\repository\ReservationRepository.class]
2024-12-19T04:01:05.942+08:00 DEBUG 11984 --- [hotel_reservation] [           main] o.s.c.a.ClassPathBeanDefinitionScanner   : Ignored because not a concrete top-level class: file [C:\Users\Jimmy Laio\Desktop\hotel_reservation\target\classes\com\example\hotel_reservation\repository\RoomRepository.class]
2024-12-19T04:01:05.944+08:00 DEBUG 11984 --- [hotel_reservation] [           main] o.s.c.a.ClassPathBeanDefinitionScanner   : Identified candidate component class: file [C:\Users\Jimmy Laio\Desktop\hotel_reservation\target\classes\com\example\hotel_reservation\service\CustomerService.class]
2024-12-19T04:01:05.946+08:00 DEBUG 11984 --- [hotel_reservation] [           main] o.s.c.a.ClassPathBeanDefinitionScanner   : Identified candidate component class: file [C:\Users\Jimmy Laio\Desktop\hotel_reservation\target\classes\com\example\hotel_reservation\service\ReservationService.class]
2024-12-19T04:01:05.947+08:00 DEBUG 11984 --- [hotel_reservation] [           main] o.s.c.a.ClassPathBeanDefinitionScanner   : Identified candidate component class: file [C:\Users\Jimmy Laio\Desktop\hotel_reservation\target\classes\com\example\hotel_reservation\service\RoomService.class]
2024-12-19T04:01:06.572+08:00  INFO 11984 --- [hotel_reservation] [           main] .s.d.r.c.RepositoryConfigurationDelegate : Bootstrapping Spring Data JPA repositories in DEFAULT mode.
2024-12-19T04:01:06.619+08:00 DEBUG 11984 --- [hotel_reservation] [           main] .s.d.r.c.RepositoryConfigurationDelegate : Scanning for JPA repositories in packages com.example.hotel_reservation.
2024-12-19T04:01:06.651+08:00 DEBUG 11984 --- [hotel_reservation] [           main] o.s.d.r.c.RepositoryComponentProvider    : Identified candidate component class: file [C:\Users\Jimmy Laio\Desktop\hotel_reservation\target\classes\com\example\hotel_reservation\repository\CustomerRepository.class]
2024-12-19T04:01:06.651+08:00 DEBUG 11984 --- [hotel_reservation] [           main] o.s.d.r.c.RepositoryComponentProvider    : Identified candidate component class: file [C:\Users\Jimmy Laio\Desktop\hotel_reservation\target\classes\com\example\hotel_reservation\repository\ReservationRepository.class]
2024-12-19T04:01:06.651+08:00 DEBUG 11984 --- [hotel_reservation] [           main] o.s.d.r.c.RepositoryComponentProvider    : Identified candidate component class: file [C:\Users\Jimmy Laio\Desktop\hotel_reservation\target\classes\com\example\hotel_reservation\repository\RoomRepository.class]
2024-12-19T04:01:06.718+08:00  INFO 11984 --- [hotel_reservation] [           main] .s.d.r.c.RepositoryConfigurationDelegate : Finished Spring Data repository scanning in 91 ms. Found 3 JPA repository interfaces.
2024-12-19T04:01:07.226+08:00 DEBUG 11984 --- [hotel_reservation] [           main] o.s.b.f.s.DefaultListableBeanFactory     : Creating shared instance of singleton bean 'propertySourcesPlaceholderConfigurer'
2024-12-19T04:01:07.238+08:00 DEBUG 11984 --- [hotel_reservation] [           main] o.s.b.f.s.DefaultListableBeanFactory     : Creating shared instance of singleton bean 'org.springframework.boot.test.mock.mockito.MockitoPostProcessor'
2024-12-19T04:01:07.247+08:00 DEBUG 11984 --- [hotel_reservation] [           main] o.s.b.f.s.DefaultListableBeanFactory     : Creating shared instance of singleton bean 'emBeanDefinitionRegistrarPostProcessor'
2024-12-19T04:01:07.248+08:00 DEBUG 11984 --- [hotel_reservation] [           main] o.s.b.f.s.DefaultListableBeanFactory     : Creating shared instance of singleton bean 'org.springframework.boot.sql.init.dependency.DatabaseInitializationDependencyConfigurer$DependsOnDatabaseInitializationPostProcessor'
2024-12-19T04:01:07.329+08:00 DEBUG 11984 --- [hotel_reservation] [           main] o.s.b.f.s.DefaultListableBeanFactory     : Creating shared instance of singleton bean 'org.springframework.context.event.internalEventListenerProcessor'
2024-12-19T04:01:07.331+08:00 DEBUG 11984 --- [hotel_reservation] [           main] o.s.b.f.s.DefaultListableBeanFactory     : Creating shared instance of singleton bean 'preserveErrorControllerTargetClassPostProcessor'
2024-12-19T04:01:07.332+08:00 DEBUG 11984 --- [hotel_reservation] [           main] o.s.b.f.s.DefaultListableBeanFactory     : Creating shared instance of singleton bean 'org.springframework.context.event.internalEventListenerFactory'
2024-12-19T04:01:07.333+08:00 DEBUG 11984 --- [hotel_reservation] [           main] o.s.b.f.s.DefaultListableBeanFactory     : Creating shared instance of singleton bean 'org.springframework.transaction.config.internalTransactionalEventListenerFactory'
2024-12-19T04:01:07.338+08:00 DEBUG 11984 --- [hotel_reservation] [           main] o.s.b.f.s.DefaultListableBeanFactory     : Creating shared instance of singleton bean 'org.springframework.boot.test.mock.mockito.MockitoPostProcessor$SpyPostProcessor'
2024-12-19T04:01:07.339+08:00 DEBUG 11984 --- [hotel_reservation] [           main] o.s.b.f.s.DefaultListableBeanFactory     : Creating shared instance of singleton bean 'org.springframework.context.annotation.internalAutowiredAnnotationProcessor'
2024-12-19T04:01:07.343+08:00 DEBUG 11984 --- [hotel_reservation] [           main] o.s.b.f.s.DefaultListableBeanFactory     : Creating shared instance of singleton bean 'org.springframework.context.annotation.internalCommonAnnotationProcessor'
2024-12-19T04:01:07.348+08:00 DEBUG 11984 --- [hotel_reservation] [           main] o.s.b.f.s.DefaultListableBeanFactory     : Creating shared instance of singleton bean 'org.springframework.context.annotation.internalPersistenceAnnotationProcessor'
2024-12-19T04:01:07.349+08:00 DEBUG 11984 --- [hotel_reservation] [           main] o.s.b.f.s.DefaultListableBeanFactory     : Creating shared instance of singleton bean 'org.springframework.boot.context.properties.ConfigurationPropertiesBindingPostProcessor'
2024-12-19T04:01:07.349+08:00 DEBUG 11984 --- [hotel_reservation] [           main] o.s.b.f.s.DefaultListableBeanFactory     : Creating shared instance of singleton bean 'org.springframework.boot.context.internalConfigurationPropertiesBinder'
2024-12-19T04:01:07.352+08:00 DEBUG 11984 --- [hotel_reservation] [           main] o.s.b.f.s.DefaultListableBeanFactory     : Creating shared instance of singleton bean 'jdbcConnectionDetailsHikariBeanPostProcessor'
2024-12-19T04:01:07.359+08:00 DEBUG 11984 --- [hotel_reservation] [           main] o.s.b.f.s.DefaultListableBeanFactory     : Creating shared instance of singleton bean 'methodValidationPostProcessor'
2024-12-19T04:01:07.363+08:00 DEBUG 11984 --- [hotel_reservation] [           main] o.s.b.f.s.DefaultListableBeanFactory     : Autowiring by type from bean name 'methodValidationPostProcessor' via factory method to bean named 'environment'
2024-12-19T04:01:07.384+08:00 DEBUG 11984 --- [hotel_reservation] [           main] o.s.b.f.s.DefaultListableBeanFactory     : Creating shared instance of singleton bean 'org.springframework.boot.context.properties.EnableConfigurationPropertiesRegistrar.methodValidationExcludeFilter'
2024-12-19T04:01:07.411+08:00 DEBUG 11984 --- [hotel_reservation] [           main] o.s.b.f.s.DefaultListableBeanFactory     : Creating shared instance of singleton bean 'org.springframework.aop.config.internalAutoProxyCreator'
2024-12-19T04:01:07.434+08:00 DEBUG 11984 --- [hotel_reservation] [           main] o.s.b.f.s.DefaultListableBeanFactory     : Creating shared instance of singleton bean 'persistenceExceptionTranslationPostProcessor'
2024-12-19T04:01:07.435+08:00 DEBUG 11984 --- [hotel_reservation] [           main] o.s.b.f.s.DefaultListableBeanFactory     : Autowiring by type from bean name 'persistenceExceptionTranslationPostProcessor' via factory method to bean named 'environment'
2024-12-19T04:01:07.439+08:00 DEBUG 11984 --- [hotel_reservation] [           main] o.s.b.f.s.DefaultListableBeanFactory     : Creating shared instance of singleton bean 'webServerFactoryCustomizerBeanPostProcessor'
2024-12-19T04:01:07.440+08:00 DEBUG 11984 --- [hotel_reservation] [           main] o.s.b.f.s.DefaultListableBeanFactory     : Creating shared instance of singleton bean 'errorPageRegistrarBeanPostProcessor'
2024-12-19T04:01:07.442+08:00 DEBUG 11984 --- [hotel_reservation] [           main] o.s.b.f.s.DefaultListableBeanFactory     : Creating shared instance of singleton bean 'projectingArgumentResolverBeanPostProcessor'
2024-12-19T04:01:07.443+08:00 DEBUG 11984 --- [hotel_reservation] [           main] o.s.b.f.s.DefaultListableBeanFactory     : Creating shared instance of singleton bean 'org.springframework.transaction.config.internalTransactionAdvisor'
2024-12-19T04:01:07.444+08:00 DEBUG 11984 --- [hotel_reservation] [           main] o.s.b.f.s.DefaultListableBeanFactory     : Creating shared instance of singleton bean 'org.springframework.transaction.annotation.ProxyTransactionManagementConfiguration'
2024-12-19T04:01:07.457+08:00 DEBUG 11984 --- [hotel_reservation] [           main] o.s.b.f.s.DefaultListableBeanFactory     : Creating shared instance of singleton bean 'transactionAttributeSource'
2024-12-19T04:01:07.460+08:00 DEBUG 11984 --- [hotel_reservation] [           main] o.s.b.f.s.DefaultListableBeanFactory     : Creating shared instance of singleton bean 'transactionInterceptor'
2024-12-19T04:01:07.460+08:00 DEBUG 11984 --- [hotel_reservation] [           main] o.s.b.f.s.DefaultListableBeanFactory     : Autowiring by type from bean name 'transactionInterceptor' via factory method to bean named 'transactionAttributeSource'
2024-12-19T04:01:07.468+08:00 DEBUG 11984 --- [hotel_reservation] [           main] o.s.b.f.s.DefaultListableBeanFactory     : Autowiring by type from bean name 'org.springframework.transaction.config.internalTransactionAdvisor' via factory method to bean named 'transactionAttributeSource'
2024-12-19T04:01:07.469+08:00 DEBUG 11984 --- [hotel_reservation] [           main] o.s.b.f.s.DefaultListableBeanFactory     : Autowiring by type from bean name 'org.springframework.transaction.config.internalTransactionAdvisor' via factory method to bean named 'transactionInterceptor'
2024-12-19T04:01:07.514+08:00 DEBUG 11984 --- [hotel_reservation] [           main] o.s.u.c.s.UiApplicationContextUtils      : Unable to locate ThemeSource with name 'themeSource': using default [org.springframework.ui.context.support.ResourceBundleThemeSource@53c99b09]
2024-12-19T04:01:07.515+08:00 DEBUG 11984 --- [hotel_reservation] [           main] o.s.b.f.s.DefaultListableBeanFactory     : Creating shared instance of singleton bean 'org.springframework.test.context.support.internalDynamicPropertyRegistrarBeanInitializer'
2024-12-19T04:01:07.519+08:00 DEBUG 11984 --- [hotel_reservation] [           main] o.s.b.f.s.DefaultListableBeanFactory     : Creating shared instance of singleton bean 'dataSourceScriptDatabaseInitializer'
2024-12-19T04:01:07.519+08:00 DEBUG 11984 --- [hotel_reservation] [           main] o.s.b.f.s.DefaultListableBeanFactory     : Creating shared instance of singleton bean 'org.springframework.boot.autoconfigure.sql.init.DataSourceInitializationConfiguration'
2024-12-19T04:01:07.520+08:00 DEBUG 11984 --- [hotel_reservation] [           main] o.s.b.f.s.DefaultListableBeanFactory     : Creating shared instance of singleton bean 'dataSource'
2024-12-19T04:01:07.521+08:00 DEBUG 11984 --- [hotel_reservation] [           main] o.s.b.f.s.DefaultListableBeanFactory     : Creating shared instance of singleton bean 'org.springframework.boot.autoconfigure.jdbc.DataSourceConfiguration$Hikari'
2024-12-19T04:01:07.522+08:00 DEBUG 11984 --- [hotel_reservation] [           main] o.s.b.f.s.DefaultListableBeanFactory     : Creating shared instance of singleton bean 'spring.datasource-org.springframework.boot.autoconfigure.jdbc.DataSourceProperties'
2024-12-19T04:01:07.524+08:00 DEBUG 11984 --- [hotel_reservation] [           main] o.s.b.f.s.DefaultListableBeanFactory     : Creating shared instance of singleton bean 'org.springframework.boot.context.properties.BoundConfigurationProperties'
2024-12-19T04:01:07.549+08:00 DEBUG 11984 --- [hotel_reservation] [           main] o.s.b.f.s.DefaultListableBeanFactory     : Creating shared instance of singleton bean 'jdbcConnectionDetails'
2024-12-19T04:01:07.549+08:00 DEBUG 11984 --- [hotel_reservation] [           main] o.s.b.f.s.DefaultListableBeanFactory     : Creating shared instance of singleton bean 'org.springframework.boot.autoconfigure.jdbc.DataSourceAutoConfiguration$PooledDataSourceConfiguration'
2024-12-19T04:01:07.551+08:00 DEBUG 11984 --- [hotel_reservation] [           main] o.s.b.f.s.DefaultListableBeanFactory     : Autowiring by type from bean name 'jdbcConnectionDetails' via factory method to bean named 'spring.datasource-org.springframework.boot.autoconfigure.jdbc.DataSourceProperties'
2024-12-19T04:01:07.552+08:00 DEBUG 11984 --- [hotel_reservation] [           main] o.s.b.f.s.DefaultListableBeanFactory     : Autowiring by type from bean name 'dataSource' via factory method to bean named 'spring.datasource-org.springframework.boot.autoconfigure.jdbc.DataSourceProperties'
2024-12-19T04:01:07.553+08:00 DEBUG 11984 --- [hotel_reservation] [           main] o.s.b.f.s.DefaultListableBeanFactory     : Autowiring by type from bean name 'dataSource' via factory method to bean named 'jdbcConnectionDetails'
2024-12-19T04:01:07.595+08:00 DEBUG 11984 --- [hotel_reservation] [           main] o.s.b.f.s.DefaultListableBeanFactory     : Creating shared instance of singleton bean 'spring.sql.init-org.springframework.boot.autoconfigure.sql.init.SqlInitializationProperties'
2024-12-19T04:01:07.598+08:00 DEBUG 11984 --- [hotel_reservation] [           main] o.s.b.f.s.DefaultListableBeanFactory     : Autowiring by type from bean name 'dataSourceScriptDatabaseInitializer' via factory method to bean named 'dataSource'
2024-12-19T04:01:07.598+08:00 DEBUG 11984 --- [hotel_reservation] [           main] o.s.b.f.s.DefaultListableBeanFactory     : Autowiring by type from bean name 'dataSourceScriptDatabaseInitializer' via factory method to bean named 'spring.sql.init-org.springframework.boot.autoconfigure.sql.init.SqlInitializationProperties'
2024-12-19T04:01:07.615+08:00 DEBUG 11984 --- [hotel_reservation] [           main] o.s.b.f.s.DefaultListableBeanFactory     : Creating shared instance of singleton bean 'entityManagerFactory'
2024-12-19T04:01:07.615+08:00 DEBUG 11984 --- [hotel_reservation] [           main] o.s.b.f.s.DefaultListableBeanFactory     : Creating shared instance of singleton bean 'org.springframework.boot.autoconfigure.orm.jpa.HibernateJpaConfiguration'
2024-12-19T04:01:07.617+08:00 DEBUG 11984 --- [hotel_reservation] [           main] o.s.b.f.s.DefaultListableBeanFactory     : Creating shared instance of singleton bean 'spring.jpa-org.springframework.boot.autoconfigure.orm.jpa.JpaProperties'
2024-12-19T04:01:07.623+08:00 DEBUG 11984 --- [hotel_reservation] [           main] o.s.b.f.s.DefaultListableBeanFactory     : Creating shared instance of singleton bean 'spring.jpa.hibernate-org.springframework.boot.autoconfigure.orm.jpa.HibernateProperties'
2024-12-19T04:01:07.629+08:00 DEBUG 11984 --- [hotel_reservation] [           main] o.s.b.f.s.DefaultListableBeanFactory     : Autowiring by type from bean name 'org.springframework.boot.autoconfigure.orm.jpa.HibernateJpaConfiguration' via constructor to bean named 'dataSource'
2024-12-19T04:01:07.629+08:00 DEBUG 11984 --- [hotel_reservation] [           main] o.s.b.f.s.DefaultListableBeanFactory     : Autowiring by type from bean name 'org.springframework.boot.autoconfigure.orm.jpa.HibernateJpaConfiguration' via constructor to bean named 'spring.jpa-org.springframework.boot.autoconfigure.orm.jpa.JpaProperties'
2024-12-19T04:01:07.629+08:00 DEBUG 11984 --- [hotel_reservation] [           main] o.s.b.f.s.DefaultListableBeanFactory     : Autowiring by type from bean name 'org.springframework.boot.autoconfigure.orm.jpa.HibernateJpaConfiguration' via constructor to bean named 'org.springframework.beans.factory.support.DefaultListableBeanFactory@5a101b1c'
2024-12-19T04:01:07.629+08:00 DEBUG 11984 --- [hotel_reservation] [           main] o.s.b.f.s.DefaultListableBeanFactory     : Autowiring by type from bean name 'org.springframework.boot.autoconfigure.orm.jpa.HibernateJpaConfiguration' via constructor to bean named 'spring.jpa.hibernate-org.springframework.boot.autoconfigure.orm.jpa.HibernateProperties'
2024-12-19T04:01:07.640+08:00 DEBUG 11984 --- [hotel_reservation] [           main] o.s.b.f.s.DefaultListableBeanFactory     : Creating shared instance of singleton bean 'hikariPoolDataSourceMetadataProvider'
2024-12-19T04:01:07.641+08:00 DEBUG 11984 --- [hotel_reservation] [           main] o.s.b.f.s.DefaultListableBeanFactory     : Creating shared instance of singleton bean 'org.springframework.boot.autoconfigure.jdbc.metadata.DataSourcePoolMetadataProvidersConfiguration$HikariPoolDataSourceMetadataProviderConfiguration'
2024-12-19T04:01:07.648+08:00 DEBUG 11984 --- [hotel_reservation] [           main] o.s.b.f.s.DefaultListableBeanFactory     : Creating shared instance of singleton bean 'entityManagerFactoryBuilder'
2024-12-19T04:01:07.649+08:00 DEBUG 11984 --- [hotel_reservation] [           main] o.s.b.f.s.DefaultListableBeanFactory     : Creating shared instance of singleton bean 'jpaVendorAdapter'
2024-12-19T04:01:07.683+08:00 DEBUG 11984 --- [hotel_reservation] [           main] o.s.b.f.s.DefaultListableBeanFactory     : Autowiring by type from bean name 'entityManagerFactoryBuilder' via factory method to bean named 'jpaVendorAdapter'
2024-12-19T04:01:07.713+08:00 DEBUG 11984 --- [hotel_reservation] [           main] o.s.b.f.s.DefaultListableBeanFactory     : Creating shared instance of singleton bean 'persistenceManagedTypes'
2024-12-19T04:01:07.715+08:00 DEBUG 11984 --- [hotel_reservation] [           main] o.s.b.f.s.DefaultListableBeanFactory     : Autowiring by type from bean name 'persistenceManagedTypes' via factory method to bean named 'org.springframework.beans.factory.support.DefaultListableBeanFactory@5a101b1c'
2024-12-19T04:01:07.716+08:00 DEBUG 11984 --- [hotel_reservation] [           main] o.s.b.f.s.DefaultListableBeanFactory     : Autowiring by type from bean name 'persistenceManagedTypes' via factory method to bean named 'org.springframework.web.context.support.GenericWebApplicationContext@5fd9b663'
2024-12-19T04:01:07.719+08:00 DEBUG 11984 --- [hotel_reservation] [           main] o.s.b.f.s.DefaultListableBeanFactory     : Creating shared instance of singleton bean 'org.springframework.boot.autoconfigure.AutoConfigurationPackages'
2024-12-19T04:01:07.720+08:00 DEBUG 11984 --- [hotel_reservation] [           main] o.s.b.a.AutoConfigurationPackages        : @EnableAutoConfiguration was declared on a class in the package 'com.example.hotel_reservation'. Automatic @Repository and @Entity scanning is enabled.
2024-12-19T04:01:07.737+08:00 DEBUG 11984 --- [hotel_reservation] [           main] o.s.b.f.s.DefaultListableBeanFactory     : Autowiring by type from bean name 'entityManagerFactory' via factory method to bean named 'entityManagerFactoryBuilder'
2024-12-19T04:01:07.737+08:00 DEBUG 11984 --- [hotel_reservation] [           main] o.s.b.f.s.DefaultListableBeanFactory     : Autowiring by type from bean name 'entityManagerFactory' via factory method to bean named 'persistenceManagedTypes'
2024-12-19T04:01:07.771+08:00 DEBUG 11984 --- [hotel_reservation] [           main] j.LocalContainerEntityManagerFactoryBean : Building JPA container EntityManagerFactory for persistence unit 'default'
2024-12-19T04:01:07.847+08:00  INFO 11984 --- [hotel_reservation] [           main] o.hibernate.jpa.internal.util.LogHelper  : HHH000204: Processing PersistenceUnitInfo [name: default]
2024-12-19T04:01:07.962+08:00  INFO 11984 --- [hotel_reservation] [           main] org.hibernate.Version                    : HHH000412: Hibernate ORM core version 6.6.2.Final
2024-12-19T04:01:08.014+08:00  INFO 11984 --- [hotel_reservation] [           main] o.h.c.internal.RegionFactoryInitiator    : HHH000026: Second-level cache disabled
2024-12-19T04:01:08.642+08:00  INFO 11984 --- [hotel_reservation] [           main] o.s.o.j.p.SpringPersistenceUnitInfo      : No LoadTimeWeaver setup: ignoring JPA class transformer
2024-12-19T04:01:08.688+08:00  INFO 11984 --- [hotel_reservation] [           main] com.zaxxer.hikari.HikariDataSource       : HikariPool-1 - Starting...
2024-12-19T04:01:09.134+08:00  INFO 11984 --- [hotel_reservation] [           main] com.zaxxer.hikari.pool.HikariPool        : HikariPool-1 - Added connection com.mysql.cj.jdbc.ConnectionImpl@311a0b3e
2024-12-19T04:01:09.136+08:00  INFO 11984 --- [hotel_reservation] [           main] com.zaxxer.hikari.HikariDataSource       : HikariPool-1 - Start completed.
2024-12-19T04:01:09.274+08:00  INFO 11984 --- [hotel_reservation] [           main] org.hibernate.orm.connections.pooling    : HHH10001005: Database info:
	Database JDBC URL [Connecting through datasource 'HikariDataSource (HikariPool-1)']
	Database driver: undefined/unknown
	Database version: 8.0.40
	Autocommit mode: undefined/unknown
	Isolation level: undefined/unknown
	Minimum pool size: undefined/unknown
	Maximum pool size: undefined/unknown
2024-12-19T04:01:10.462+08:00  INFO 11984 --- [hotel_reservation] [           main] o.h.e.t.j.p.i.JtaPlatformInitiator       : HHH000489: No JTA platform available (set 'hibernate.transaction.jta.platform' to enable JTA platform integration)
2024-12-19T04:01:10.560+08:00  INFO 11984 --- [hotel_reservation] [           main] j.LocalContainerEntityManagerFactoryBean : Initialized JPA EntityManagerFactory for persistence unit 'default'
2024-12-19T04:01:10.569+08:00 DEBUG 11984 --- [hotel_reservation] [           main] o.s.b.f.s.DefaultListableBeanFactory     : Creating shared instance of singleton bean 'hotelReservationApplication'
2024-12-19T04:01:10.573+08:00 DEBUG 11984 --- [hotel_reservation] [           main] o.s.b.f.s.DefaultListableBeanFactory     : Creating shared instance of singleton bean 'globalCorsConfig'
2024-12-19T04:01:10.573+08:00 DEBUG 11984 --- [hotel_reservation] [           main] o.s.b.f.s.DefaultListableBeanFactory     : Creating shared instance of singleton bean 'customerController'
2024-12-19T04:01:10.581+08:00 DEBUG 11984 --- [hotel_reservation] [           main] o.s.b.f.s.DefaultListableBeanFactory     : Creating shared instance of singleton bean 'customerService'
2024-12-19T04:01:10.583+08:00 DEBUG 11984 --- [hotel_reservation] [           main] o.s.b.f.s.DefaultListableBeanFactory     : Creating shared instance of singleton bean 'customerRepository'
2024-12-19T04:01:10.593+08:00 DEBUG 11984 --- [hotel_reservation] [           main] o.s.b.f.s.DefaultListableBeanFactory     : Creating shared instance of singleton bean 'jpa.named-queries#0'
2024-12-19T04:01:10.596+08:00 DEBUG 11984 --- [hotel_reservation] [           main] o.s.b.f.s.DefaultListableBeanFactory     : Creating shared instance of singleton bean 'jpa.CustomerRepository.fragments#0'
2024-12-19T04:01:10.603+08:00 DEBUG 11984 --- [hotel_reservation] [           main] o.s.b.f.s.DefaultListableBeanFactory     : Creating shared instance of singleton bean 'jpaSharedEM_entityManagerFactory'
2024-12-19T04:01:10.644+08:00 DEBUG 11984 --- [hotel_reservation] [           main] o.s.b.f.s.DefaultListableBeanFactory     : Creating shared instance of singleton bean 'jpaMappingContext'
2024-12-19T04:01:10.645+08:00 DEBUG 11984 --- [hotel_reservation] [           main] .c.JpaMetamodelMappingContextFactoryBean : Initializing JpaMetamodelMappingContext…
2024-12-19T04:01:10.672+08:00 DEBUG 11984 --- [hotel_reservation] [           main] .c.JpaMetamodelMappingContextFactoryBean : Finished initializing JpaMetamodelMappingContext
2024-12-19T04:01:10.722+08:00 DEBUG 11984 --- [hotel_reservation] [           main] tor$SharedEntityManagerInvocationHandler : Creating new EntityManager for shared EntityManager invocation
2024-12-19T04:01:10.778+08:00 DEBUG 11984 --- [hotel_reservation] [           main] tor$SharedEntityManagerInvocationHandler : Creating new EntityManager for shared EntityManager invocation
2024-12-19T04:01:10.852+08:00 DEBUG 11984 --- [hotel_reservation] [           main] o.s.d.r.c.s.RepositoryFactorySupport     : Initializing repository instance for com.example.hotel_reservation.repository.CustomerRepository…
2024-12-19T04:01:10.877+08:00 DEBUG 11984 --- [hotel_reservation] [           main] tor$SharedEntityManagerInvocationHandler : Creating new EntityManager for shared EntityManager invocation
2024-12-19T04:01:10.963+08:00 DEBUG 11984 --- [hotel_reservation] [           main] o.s.d.jpa.repository.query.NamedQuery    : Did not find named query Customer.updateCustomer.count
2024-12-19T04:01:10.965+08:00 DEBUG 11984 --- [hotel_reservation] [           main] tor$SharedEntityManagerInvocationHandler : Creating new EntityManager for shared EntityManager invocation
2024-12-19T04:01:10.996+08:00  INFO 11984 --- [hotel_reservation] [           main] o.s.d.j.r.query.QueryEnhancerFactory     : Hibernate is in classpath; If applicable, HQL parser will be used.
2024-12-19T04:01:11.799+08:00 DEBUG 11984 --- [hotel_reservation] [           main] o.s.d.jpa.repository.query.NamedQuery    : Looking up named query Customer.findByNameAndPhone
2024-12-19T04:01:11.800+08:00 DEBUG 11984 --- [hotel_reservation] [           main] o.s.d.jpa.repository.query.NamedQuery    : Did not find named query Customer.findByNameAndPhone
2024-12-19T04:01:11.802+08:00 DEBUG 11984 --- [hotel_reservation] [           main] tor$SharedEntityManagerInvocationHandler : Creating new EntityManager for shared EntityManager invocation
2024-12-19T04:01:11.836+08:00 DEBUG 11984 --- [hotel_reservation] [           main] o.s.d.jpa.repository.query.NamedQuery    : Did not find named query Customer.findCustomerById.count
2024-12-19T04:01:11.838+08:00 DEBUG 11984 --- [hotel_reservation] [           main] tor$SharedEntityManagerInvocationHandler : Creating new EntityManager for shared EntityManager invocation
2024-12-19T04:01:11.908+08:00 DEBUG 11984 --- [hotel_reservation] [           main] o.s.d.r.c.s.RepositoryFactorySupport     : Finished creation of repository instance for com.example.hotel_reservation.repository.CustomerRepository.
2024-12-19T04:01:11.912+08:00 DEBUG 11984 --- [hotel_reservation] [           main] o.s.b.f.s.DefaultListableBeanFactory     : Autowiring by type from bean name 'customerController' via constructor to bean named 'customerService'
2024-12-19T04:01:11.915+08:00 DEBUG 11984 --- [hotel_reservation] [           main] o.s.b.f.s.DefaultListableBeanFactory     : Creating shared instance of singleton bean 'reservationController'
2024-12-19T04:01:11.920+08:00 DEBUG 11984 --- [hotel_reservation] [           main] o.s.b.f.s.DefaultListableBeanFactory     : Creating shared instance of singleton bean 'reservationService'
2024-12-19T04:01:11.921+08:00 DEBUG 11984 --- [hotel_reservation] [           main] o.s.b.f.s.DefaultListableBeanFactory     : Creating shared instance of singleton bean 'reservationRepository'
2024-12-19T04:01:11.922+08:00 DEBUG 11984 --- [hotel_reservation] [           main] o.s.b.f.s.DefaultListableBeanFactory     : Creating shared instance of singleton bean 'jpa.named-queries#2'
2024-12-19T04:01:11.925+08:00 DEBUG 11984 --- [hotel_reservation] [           main] o.s.b.f.s.DefaultListableBeanFactory     : Creating shared instance of singleton bean 'jpa.ReservationRepository.fragments#0'
2024-12-19T04:01:11.926+08:00 DEBUG 11984 --- [hotel_reservation] [           main] tor$SharedEntityManagerInvocationHandler : Creating new EntityManager for shared EntityManager invocation
2024-12-19T04:01:11.944+08:00 DEBUG 11984 --- [hotel_reservation] [           main] o.s.d.r.c.s.RepositoryFactorySupport     : Initializing repository instance for com.example.hotel_reservation.repository.ReservationRepository…
2024-12-19T04:01:11.945+08:00 DEBUG 11984 --- [hotel_reservation] [           main] tor$SharedEntityManagerInvocationHandler : Creating new EntityManager for shared EntityManager invocation
2024-12-19T04:01:11.952+08:00 DEBUG 11984 --- [hotel_reservation] [           main] o.s.d.jpa.repository.query.NamedQuery    : Did not find named query Reservation.updateReservationDetail.count
2024-12-19T04:01:11.952+08:00 DEBUG 11984 --- [hotel_reservation] [           main] tor$SharedEntityManagerInvocationHandler : Creating new EntityManager for shared EntityManager invocation
2024-12-19T04:01:11.956+08:00 DEBUG 11984 --- [hotel_reservation] [           main] o.s.d.jpa.repository.query.NamedQuery    : Did not find named query Reservation.deleteReservationById.count
2024-12-19T04:01:11.956+08:00 DEBUG 11984 --- [hotel_reservation] [           main] tor$SharedEntityManagerInvocationHandler : Creating new EntityManager for shared EntityManager invocation
2024-12-19T04:01:11.966+08:00 DEBUG 11984 --- [hotel_reservation] [           main] o.s.d.jpa.repository.query.NamedQuery    : Looking up named query Reservation.existsByRoom_IdAndStartDateLessThanEqualAndEndDateGreaterThanEqual
2024-12-19T04:01:11.967+08:00 DEBUG 11984 --- [hotel_reservation] [           main] o.s.d.jpa.repository.query.NamedQuery    : Did not find named query Reservation.existsByRoom_IdAndStartDateLessThanEqualAndEndDateGreaterThanEqual
2024-12-19T04:01:11.968+08:00 DEBUG 11984 --- [hotel_reservation] [           main] tor$SharedEntityManagerInvocationHandler : Creating new EntityManager for shared EntityManager invocation
2024-12-19T04:01:11.984+08:00 DEBUG 11984 --- [hotel_reservation] [           main] o.s.d.jpa.repository.query.NamedQuery    : Did not find named query Reservation.isRoomBookedWithinDateRange.count
2024-12-19T04:01:11.985+08:00 DEBUG 11984 --- [hotel_reservation] [           main] tor$SharedEntityManagerInvocationHandler : Creating new EntityManager for shared EntityManager invocation
2024-12-19T04:01:12.213+08:00 DEBUG 11984 --- [hotel_reservation] [           main] o.s.d.r.c.s.RepositoryFactorySupport     : Finished creation of repository instance for com.example.hotel_reservation.repository.ReservationRepository.
2024-12-19T04:01:12.215+08:00 DEBUG 11984 --- [hotel_reservation] [           main] o.s.b.f.s.DefaultListableBeanFactory     : Creating shared instance of singleton bean 'roomRepository'
2024-12-19T04:01:12.217+08:00 DEBUG 11984 --- [hotel_reservation] [           main] o.s.b.f.s.DefaultListableBeanFactory     : Creating shared instance of singleton bean 'jpa.named-queries#1'
2024-12-19T04:01:12.220+08:00 DEBUG 11984 --- [hotel_reservation] [           main] o.s.b.f.s.DefaultListableBeanFactory     : Creating shared instance of singleton bean 'jpa.RoomRepository.fragments#0'
2024-12-19T04:01:12.222+08:00 DEBUG 11984 --- [hotel_reservation] [           main] tor$SharedEntityManagerInvocationHandler : Creating new EntityManager for shared EntityManager invocation
2024-12-19T04:01:12.225+08:00 DEBUG 11984 --- [hotel_reservation] [           main] o.s.d.r.c.s.RepositoryFactorySupport     : Initializing repository instance for com.example.hotel_reservation.repository.RoomRepository…
2024-12-19T04:01:12.226+08:00 DEBUG 11984 --- [hotel_reservation] [           main] tor$SharedEntityManagerInvocationHandler : Creating new EntityManager for shared EntityManager invocation
2024-12-19T04:01:12.230+08:00 DEBUG 11984 --- [hotel_reservation] [           main] o.s.d.jpa.repository.query.NamedQuery    : Looking up named query Room.findByRoomType
2024-12-19T04:01:12.231+08:00 DEBUG 11984 --- [hotel_reservation] [           main] o.s.d.jpa.repository.query.NamedQuery    : Did not find named query Room.findByRoomType
2024-12-19T04:01:12.231+08:00 DEBUG 11984 --- [hotel_reservation] [           main] tor$SharedEntityManagerInvocationHandler : Creating new EntityManager for shared EntityManager invocation
2024-12-19T04:01:12.233+08:00 DEBUG 11984 --- [hotel_reservation] [           main] o.s.d.jpa.repository.query.NamedQuery    : Did not find named query Room.findAvailableRooms.count
2024-12-19T04:01:12.233+08:00 DEBUG 11984 --- [hotel_reservation] [           main] tor$SharedEntityManagerInvocationHandler : Creating new EntityManager for shared EntityManager invocation
2024-12-19T04:01:12.281+08:00 DEBUG 11984 --- [hotel_reservation] [           main] o.s.d.jpa.repository.query.NamedQuery    : Did not find named query Room.findByMaxOccupancy.count
2024-12-19T04:01:12.281+08:00 DEBUG 11984 --- [hotel_reservation] [           main] tor$SharedEntityManagerInvocationHandler : Creating new EntityManager for shared EntityManager invocation
2024-12-19T04:01:12.289+08:00 DEBUG 11984 --- [hotel_reservation] [           main] o.s.d.r.c.s.RepositoryFactorySupport     : Finished creation of repository instance for com.example.hotel_reservation.repository.RoomRepository.
2024-12-19T04:01:12.290+08:00 DEBUG 11984 --- [hotel_reservation] [           main] o.s.b.f.s.DefaultListableBeanFactory     : Autowiring by type from bean name 'reservationService' via constructor to bean named 'reservationRepository'
2024-12-19T04:01:12.291+08:00 DEBUG 11984 --- [hotel_reservation] [           main] o.s.b.f.s.DefaultListableBeanFactory     : Autowiring by type from bean name 'reservationService' via constructor to bean named 'customerRepository'
2024-12-19T04:01:12.291+08:00 DEBUG 11984 --- [hotel_reservation] [           main] o.s.b.f.s.DefaultListableBeanFactory     : Autowiring by type from bean name 'reservationService' via constructor to bean named 'roomRepository'
2024-12-19T04:01:12.291+08:00 DEBUG 11984 --- [hotel_reservation] [           main] o.s.b.f.s.DefaultListableBeanFactory     : Autowiring by type from bean name 'reservationController' via constructor to bean named 'reservationService'
2024-12-19T04:01:12.291+08:00 DEBUG 11984 --- [hotel_reservation] [           main] o.s.b.f.s.DefaultListableBeanFactory     : Autowiring by type from bean name 'reservationController' via constructor to bean named 'customerRepository'
2024-12-19T04:01:12.291+08:00 DEBUG 11984 --- [hotel_reservation] [           main] o.s.b.f.s.DefaultListableBeanFactory     : Autowiring by type from bean name 'reservationController' via constructor to bean named 'roomRepository'
2024-12-19T04:01:12.292+08:00 DEBUG 11984 --- [hotel_reservation] [           main] o.s.b.f.s.DefaultListableBeanFactory     : Creating shared instance of singleton bean 'roomController'
2024-12-19T04:01:12.294+08:00 DEBUG 11984 --- [hotel_reservation] [           main] o.s.b.f.s.DefaultListableBeanFactory     : Creating shared instance of singleton bean 'roomService'
2024-12-19T04:01:12.297+08:00 DEBUG 11984 --- [hotel_reservation] [           main] o.s.b.f.s.DefaultListableBeanFactory     : Autowiring by type from bean name 'roomService' via constructor to bean named 'roomRepository'
2024-12-19T04:01:12.297+08:00 DEBUG 11984 --- [hotel_reservation] [           main] o.s.b.f.s.DefaultListableBeanFactory     : Autowiring by type from bean name 'roomService' via constructor to bean named 'reservationRepository'
2024-12-19T04:01:12.297+08:00 DEBUG 11984 --- [hotel_reservation] [           main] o.s.b.f.s.DefaultListableBeanFactory     : Autowiring by type from bean name 'roomController' via constructor to bean named 'roomService'
2024-12-19T04:01:12.298+08:00 DEBUG 11984 --- [hotel_reservation] [           main] o.s.b.f.s.DefaultListableBeanFactory     : Creating shared instance of singleton bean 'corsConfigurer'
2024-12-19T04:01:12.300+08:00 DEBUG 11984 --- [hotel_reservation] [           main] o.s.b.f.s.DefaultListableBeanFactory     : Creating shared instance of singleton bean 'org.springframework.data.jpa.util.JpaMetamodelCacheCleanup'
2024-12-19T04:01:12.301+08:00 DEBUG 11984 --- [hotel_reservation] [           main] o.s.b.f.s.DefaultListableBeanFactory     : Creating shared instance of singleton bean 'org.springframework.data.jpa.repository.support.JpaEvaluationContextExtension'
2024-12-19T04:01:12.303+08:00 DEBUG 11984 --- [hotel_reservation] [           main] o.s.b.f.s.DefaultListableBeanFactory     : Creating shared instance of singleton bean 'data-jpa.repository-aot-processor#0'
2024-12-19T04:01:12.313+08:00 DEBUG 11984 --- [hotel_reservation] [           main] o.s.b.f.s.DefaultListableBeanFactory     : Creating shared instance of singleton bean 'org.springframework.boot.autoconfigure.context.PropertyPlaceholderAutoConfiguration'
2024-12-19T04:01:12.314+08:00 DEBUG 11984 --- [hotel_reservation] [           main] o.s.b.f.s.DefaultListableBeanFactory     : Creating shared instance of singleton bean 'org.springframework.boot.autoconfigure.ssl.SslAutoConfiguration'
2024-12-19T04:01:12.316+08:00 DEBUG 11984 --- [hotel_reservation] [           main] o.s.b.f.s.DefaultListableBeanFactory     : Creating shared instance of singleton bean 'spring.ssl-org.springframework.boot.autoconfigure.ssl.SslProperties'
2024-12-19T04:01:12.319+08:00 DEBUG 11984 --- [hotel_reservation] [           main] o.s.b.f.s.DefaultListableBeanFactory     : Autowiring by type from bean name 'org.springframework.boot.autoconfigure.ssl.SslAutoConfiguration' via constructor to bean named 'org.springframework.web.context.support.GenericWebApplicationContext@5fd9b663'
2024-12-19T04:01:12.319+08:00 DEBUG 11984 --- [hotel_reservation] [           main] o.s.b.f.s.DefaultListableBeanFactory     : Autowiring by type from bean name 'org.springframework.boot.autoconfigure.ssl.SslAutoConfiguration' via constructor to bean named 'spring.ssl-org.springframework.boot.autoconfigure.ssl.SslProperties'
2024-12-19T04:01:12.322+08:00 DEBUG 11984 --- [hotel_reservation] [           main] o.s.b.f.s.DefaultListableBeanFactory     : Creating shared instance of singleton bean 'fileWatcher'
2024-12-19T04:01:12.327+08:00 DEBUG 11984 --- [hotel_reservation] [           main] o.s.b.f.s.DefaultListableBeanFactory     : Creating shared instance of singleton bean 'sslPropertiesSslBundleRegistrar'
2024-12-19T04:01:12.327+08:00 DEBUG 11984 --- [hotel_reservation] [           main] o.s.b.f.s.DefaultListableBeanFactory     : Autowiring by type from bean name 'sslPropertiesSslBundleRegistrar' via factory method to bean named 'fileWatcher'
2024-12-19T04:01:12.331+08:00 DEBUG 11984 --- [hotel_reservation] [           main] o.s.b.f.s.DefaultListableBeanFactory     : Creating shared instance of singleton bean 'sslBundleRegistry'
2024-12-19T04:01:12.347+08:00 DEBUG 11984 --- [hotel_reservation] [           main] o.s.b.f.s.DefaultListableBeanFactory     : Creating shared instance of singleton bean 'org.springframework.boot.autoconfigure.websocket.servlet.WebSocketServletAutoConfiguration$TomcatWebSocketConfiguration'
2024-12-19T04:01:12.347+08:00 DEBUG 11984 --- [hotel_reservation] [           main] o.s.b.f.s.DefaultListableBeanFactory     : Creating shared instance of singleton bean 'websocketServletWebServerCustomizer'
2024-12-19T04:01:12.352+08:00 DEBUG 11984 --- [hotel_reservation] [           main] o.s.b.f.s.DefaultListableBeanFactory     : Creating shared instance of singleton bean 'org.springframework.boot.autoconfigure.websocket.servlet.WebSocketServletAutoConfiguration'
2024-12-19T04:01:12.353+08:00 DEBUG 11984 --- [hotel_reservation] [           main] o.s.b.f.s.DefaultListableBeanFactory     : Creating shared instance of singleton bean 'org.springframework.boot.autoconfigure.web.servlet.ServletWebServerFactoryConfiguration$EmbeddedTomcat'
2024-12-19T04:01:12.354+08:00 DEBUG 11984 --- [hotel_reservation] [           main] o.s.b.f.s.DefaultListableBeanFactory     : Creating shared instance of singleton bean 'tomcatServletWebServerFactory'
2024-12-19T04:01:12.401+08:00 DEBUG 11984 --- [hotel_reservation] [           main] o.s.b.f.s.DefaultListableBeanFactory     : Creating shared instance of singleton bean 'servletWebServerFactoryCustomizer'
2024-12-19T04:01:12.401+08:00 DEBUG 11984 --- [hotel_reservation] [           main] o.s.b.f.s.DefaultListableBeanFactory     : Creating shared instance of singleton bean 'org.springframework.boot.autoconfigure.web.servlet.ServletWebServerFactoryAutoConfiguration'
2024-12-19T04:01:12.403+08:00 DEBUG 11984 --- [hotel_reservation] [           main] o.s.b.f.s.DefaultListableBeanFactory     : Creating shared instance of singleton bean 'server-org.springframework.boot.autoconfigure.web.ServerProperties'
2024-12-19T04:01:12.417+08:00 DEBUG 11984 --- [hotel_reservation] [           main] o.s.b.f.s.DefaultListableBeanFactory     : Autowiring by type from bean name 'servletWebServerFactoryCustomizer' via factory method to bean named 'server-org.springframework.boot.autoconfigure.web.ServerProperties'
2024-12-19T04:01:12.423+08:00 DEBUG 11984 --- [hotel_reservation] [           main] o.s.b.f.s.DefaultListableBeanFactory     : Creating shared instance of singleton bean 'tomcatServletWebServerFactoryCustomizer'
2024-12-19T04:01:12.423+08:00 DEBUG 11984 --- [hotel_reservation] [           main] o.s.b.f.s.DefaultListableBeanFactory     : Autowiring by type from bean name 'tomcatServletWebServerFactoryCustomizer' via factory method to bean named 'server-org.springframework.boot.autoconfigure.web.ServerProperties'
2024-12-19T04:01:12.424+08:00 DEBUG 11984 --- [hotel_reservation] [           main] o.s.b.f.s.DefaultListableBeanFactory     : Creating shared instance of singleton bean 'localeCharsetMappingsCustomizer'
2024-12-19T04:01:12.424+08:00 DEBUG 11984 --- [hotel_reservation] [           main] o.s.b.f.s.DefaultListableBeanFactory     : Creating shared instance of singleton bean 'org.springframework.boot.autoconfigure.web.servlet.HttpEncodingAutoConfiguration'
2024-12-19T04:01:12.424+08:00 DEBUG 11984 --- [hotel_reservation] [           main] o.s.b.f.s.DefaultListableBeanFactory     : Autowiring by type from bean name 'org.springframework.boot.autoconfigure.web.servlet.HttpEncodingAutoConfiguration' via constructor to bean named 'server-org.springframework.boot.autoconfigure.web.ServerProperties'
2024-12-19T04:01:12.446+08:00 DEBUG 11984 --- [hotel_reservation] [           main] o.s.b.f.s.DefaultListableBeanFactory     : Creating shared instance of singleton bean 'errorPageCustomizer'
2024-12-19T04:01:12.446+08:00 DEBUG 11984 --- [hotel_reservation] [           main] o.s.b.f.s.DefaultListableBeanFactory     : Creating shared instance of singleton bean 'org.springframework.boot.autoconfigure.web.servlet.error.ErrorMvcAutoConfiguration'
2024-12-19T04:01:12.447+08:00 DEBUG 11984 --- [hotel_reservation] [           main] o.s.b.f.s.DefaultListableBeanFactory     : Autowiring by type from bean name 'org.springframework.boot.autoconfigure.web.servlet.error.ErrorMvcAutoConfiguration' via constructor to bean named 'server-org.springframework.boot.autoconfigure.web.ServerProperties'
2024-12-19T04:01:12.448+08:00 DEBUG 11984 --- [hotel_reservation] [           main] o.s.b.f.s.DefaultListableBeanFactory     : Creating shared instance of singleton bean 'dispatcherServletRegistration'
2024-12-19T04:01:12.448+08:00 DEBUG 11984 --- [hotel_reservation] [           main] o.s.b.f.s.DefaultListableBeanFactory     : Creating shared instance of singleton bean 'org.springframework.boot.autoconfigure.web.servlet.DispatcherServletAutoConfiguration$DispatcherServletRegistrationConfiguration'
2024-12-19T04:01:12.449+08:00 DEBUG 11984 --- [hotel_reservation] [           main] o.s.b.f.s.DefaultListableBeanFactory     : Creating shared instance of singleton bean 'dispatcherServlet'
2024-12-19T04:01:12.449+08:00 DEBUG 11984 --- [hotel_reservation] [           main] o.s.b.f.s.DefaultListableBeanFactory     : Creating shared instance of singleton bean 'org.springframework.boot.autoconfigure.web.servlet.DispatcherServletAutoConfiguration$DispatcherServletConfiguration'
2024-12-19T04:01:12.450+08:00 DEBUG 11984 --- [hotel_reservation] [           main] o.s.b.f.s.DefaultListableBeanFactory     : Creating shared instance of singleton bean 'spring.mvc-org.springframework.boot.autoconfigure.web.servlet.WebMvcProperties'
2024-12-19T04:01:12.455+08:00 DEBUG 11984 --- [hotel_reservation] [           main] o.s.b.f.s.DefaultListableBeanFactory     : Autowiring by type from bean name 'dispatcherServlet' via factory method to bean named 'spring.mvc-org.springframework.boot.autoconfigure.web.servlet.WebMvcProperties'
2024-12-19T04:01:12.493+08:00 DEBUG 11984 --- [hotel_reservation] [           main] o.s.b.f.s.DefaultListableBeanFactory     : Autowiring by type from bean name 'dispatcherServletRegistration' via factory method to bean named 'dispatcherServlet'
2024-12-19T04:01:12.493+08:00 DEBUG 11984 --- [hotel_reservation] [           main] o.s.b.f.s.DefaultListableBeanFactory     : Autowiring by type from bean name 'dispatcherServletRegistration' via factory method to bean named 'spring.mvc-org.springframework.boot.autoconfigure.web.servlet.WebMvcProperties'
2024-12-19T04:01:12.499+08:00 DEBUG 11984 --- [hotel_reservation] [           main] o.s.b.f.s.DefaultListableBeanFactory     : Creating shared instance of singleton bean 'multipartConfigElement'
2024-12-19T04:01:12.500+08:00 DEBUG 11984 --- [hotel_reservation] [           main] o.s.b.f.s.DefaultListableBeanFactory     : Creating shared instance of singleton bean 'org.springframework.boot.autoconfigure.web.servlet.MultipartAutoConfiguration'
2024-12-19T04:01:12.500+08:00 DEBUG 11984 --- [hotel_reservation] [           main] o.s.b.f.s.DefaultListableBeanFactory     : Creating shared instance of singleton bean 'spring.servlet.multipart-org.springframework.boot.autoconfigure.web.servlet.MultipartProperties'
2024-12-19T04:01:12.508+08:00 DEBUG 11984 --- [hotel_reservation] [           main] o.s.b.f.s.DefaultListableBeanFactory     : Autowiring by type from bean name 'org.springframework.boot.autoconfigure.web.servlet.MultipartAutoConfiguration' via constructor to bean named 'spring.servlet.multipart-org.springframework.boot.autoconfigure.web.servlet.MultipartProperties'
2024-12-19T04:01:12.516+08:00 DEBUG 11984 --- [hotel_reservation] [           main] o.s.b.f.s.DefaultListableBeanFactory     : Autowiring by type from bean name 'errorPageCustomizer' via factory method to bean named 'dispatcherServletRegistration'
2024-12-19T04:01:12.520+08:00 DEBUG 11984 --- [hotel_reservation] [           main] o.s.b.f.s.DefaultListableBeanFactory     : Creating shared instance of singleton bean 'org.springframework.boot.autoconfigure.web.servlet.DispatcherServletAutoConfiguration'
2024-12-19T04:01:12.521+08:00 DEBUG 11984 --- [hotel_reservation] [           main] o.s.b.f.s.DefaultListableBeanFactory     : Creating shared instance of singleton bean 'org.springframework.boot.autoconfigure.task.TaskExecutorConfigurations$ThreadPoolTaskExecutorBuilderConfiguration'
2024-12-19T04:01:12.521+08:00 DEBUG 11984 --- [hotel_reservation] [           main] o.s.b.f.s.DefaultListableBeanFactory     : Creating shared instance of singleton bean 'threadPoolTaskExecutorBuilder'
2024-12-19T04:01:12.522+08:00 DEBUG 11984 --- [hotel_reservation] [           main] o.s.b.f.s.DefaultListableBeanFactory     : Creating shared instance of singleton bean 'spring.task.execution-org.springframework.boot.autoconfigure.task.TaskExecutionProperties'
2024-12-19T04:01:12.525+08:00 DEBUG 11984 --- [hotel_reservation] [           main] o.s.b.f.s.DefaultListableBeanFactory     : Autowiring by type from bean name 'threadPoolTaskExecutorBuilder' via factory method to bean named 'spring.task.execution-org.springframework.boot.autoconfigure.task.TaskExecutionProperties'
2024-12-19T04:01:12.530+08:00 DEBUG 11984 --- [hotel_reservation] [           main] o.s.b.f.s.DefaultListableBeanFactory     : Creating shared instance of singleton bean 'org.springframework.boot.autoconfigure.task.TaskExecutorConfigurations$SimpleAsyncTaskExecutorBuilderConfiguration'
2024-12-19T04:01:12.530+08:00 DEBUG 11984 --- [hotel_reservation] [           main] o.s.b.f.s.DefaultListableBeanFactory     : Autowiring by type from bean name 'org.springframework.boot.autoconfigure.task.TaskExecutorConfigurations$SimpleAsyncTaskExecutorBuilderConfiguration' via constructor to bean named 'spring.task.execution-org.springframework.boot.autoconfigure.task.TaskExecutionProperties'
2024-12-19T04:01:12.531+08:00 DEBUG 11984 --- [hotel_reservation] [           main] o.s.b.f.s.DefaultListableBeanFactory     : Creating shared instance of singleton bean 'simpleAsyncTaskExecutorBuilder'
2024-12-19T04:01:12.535+08:00 DEBUG 11984 --- [hotel_reservation] [           main] o.s.b.f.s.DefaultListableBeanFactory     : Creating shared instance of singleton bean 'org.springframework.boot.autoconfigure.task.TaskExecutorConfigurations$TaskExecutorConfiguration'
2024-12-19T04:01:12.536+08:00 DEBUG 11984 --- [hotel_reservation] [           main] o.s.b.f.s.DefaultListableBeanFactory     : Creating shared instance of singleton bean 'org.springframework.boot.autoconfigure.task.TaskExecutionAutoConfiguration'
2024-12-19T04:01:12.536+08:00 DEBUG 11984 --- [hotel_reservation] [           main] o.s.b.f.s.DefaultListableBeanFactory     : Creating shared instance of singleton bean 'org.springframework.boot.autoconfigure.validation.ValidationAutoConfiguration'
2024-12-19T04:01:12.536+08:00 DEBUG 11984 --- [hotel_reservation] [           main] o.s.b.f.s.DefaultListableBeanFactory     : Creating shared instance of singleton bean 'defaultValidator'
2024-12-19T04:01:12.537+08:00 DEBUG 11984 --- [hotel_reservation] [           main] o.s.b.f.s.DefaultListableBeanFactory     : Autowiring by type from bean name 'defaultValidator' via factory method to bean named 'org.springframework.web.context.support.GenericWebApplicationContext@5fd9b663'
2024-12-19T04:01:12.552+08:00 DEBUG 11984 --- [hotel_reservation] [           main] o.s.b.f.s.DefaultListableBeanFactory     : Creating shared instance of singleton bean 'org.springframework.boot.autoconfigure.web.servlet.error.ErrorMvcAutoConfiguration$WhitelabelErrorViewConfiguration'
2024-12-19T04:01:12.554+08:00 DEBUG 11984 --- [hotel_reservation] [           main] o.s.b.f.s.DefaultListableBeanFactory     : Creating shared instance of singleton bean 'error'
2024-12-19T04:01:12.555+08:00 DEBUG 11984 --- [hotel_reservation] [           main] o.s.b.f.s.DefaultListableBeanFactory     : Creating shared instance of singleton bean 'beanNameViewResolver'
2024-12-19T04:01:12.557+08:00 DEBUG 11984 --- [hotel_reservation] [           main] o.s.b.f.s.DefaultListableBeanFactory     : Creating shared instance of singleton bean 'org.springframework.boot.autoconfigure.web.servlet.error.ErrorMvcAutoConfiguration$DefaultErrorViewResolverConfiguration'
2024-12-19T04:01:12.558+08:00 DEBUG 11984 --- [hotel_reservation] [           main] o.s.b.f.s.DefaultListableBeanFactory     : Creating shared instance of singleton bean 'spring.web-org.springframework.boot.autoconfigure.web.WebProperties'
2024-12-19T04:01:12.567+08:00 DEBUG 11984 --- [hotel_reservation] [           main] o.s.b.f.s.DefaultListableBeanFactory     : Autowiring by type from bean name 'org.springframework.boot.autoconfigure.web.servlet.error.ErrorMvcAutoConfiguration$DefaultErrorViewResolverConfiguration' via constructor to bean named 'org.springframework.web.context.support.GenericWebApplicationContext@5fd9b663'
2024-12-19T04:01:12.567+08:00 DEBUG 11984 --- [hotel_reservation] [           main] o.s.b.f.s.DefaultListableBeanFactory     : Autowiring by type from bean name 'org.springframework.boot.autoconfigure.web.servlet.error.ErrorMvcAutoConfiguration$DefaultErrorViewResolverConfiguration' via constructor to bean named 'spring.web-org.springframework.boot.autoconfigure.web.WebProperties'
2024-12-19T04:01:12.567+08:00 DEBUG 11984 --- [hotel_reservation] [           main] o.s.b.f.s.DefaultListableBeanFactory     : Creating shared instance of singleton bean 'conventionErrorViewResolver'
2024-12-19T04:01:12.575+08:00 DEBUG 11984 --- [hotel_reservation] [           main] o.s.b.f.s.DefaultListableBeanFactory     : Creating shared instance of singleton bean 'errorAttributes'
2024-12-19T04:01:12.577+08:00 DEBUG 11984 --- [hotel_reservation] [           main] o.s.b.f.s.DefaultListableBeanFactory     : Creating shared instance of singleton bean 'basicErrorController'
2024-12-19T04:01:12.578+08:00 DEBUG 11984 --- [hotel_reservation] [           main] o.s.b.f.s.DefaultListableBeanFactory     : Autowiring by type from bean name 'basicErrorController' via factory method to bean named 'errorAttributes'
2024-12-19T04:01:12.586+08:00 DEBUG 11984 --- [hotel_reservation] [           main] o.s.b.f.s.DefaultListableBeanFactory     : Creating shared instance of singleton bean 'org.springframework.boot.autoconfigure.web.servlet.WebMvcAutoConfiguration$EnableWebMvcConfiguration'
2024-12-19T04:01:12.587+08:00 DEBUG 11984 --- [hotel_reservation] [           main] o.s.b.f.s.DefaultListableBeanFactory     : Autowiring by type from bean name 'org.springframework.boot.autoconfigure.web.servlet.WebMvcAutoConfiguration$EnableWebMvcConfiguration' via constructor to bean named 'spring.mvc-org.springframework.boot.autoconfigure.web.servlet.WebMvcProperties'
2024-12-19T04:01:12.587+08:00 DEBUG 11984 --- [hotel_reservation] [           main] o.s.b.f.s.DefaultListableBeanFactory     : Autowiring by type from bean name 'org.springframework.boot.autoconfigure.web.servlet.WebMvcAutoConfiguration$EnableWebMvcConfiguration' via constructor to bean named 'spring.web-org.springframework.boot.autoconfigure.web.WebProperties'
2024-12-19T04:01:12.587+08:00 DEBUG 11984 --- [hotel_reservation] [           main] o.s.b.f.s.DefaultListableBeanFactory     : Autowiring by type from bean name 'org.springframework.boot.autoconfigure.web.servlet.WebMvcAutoConfiguration$EnableWebMvcConfiguration' via constructor to bean named 'org.springframework.beans.factory.support.DefaultListableBeanFactory@5a101b1c'
2024-12-19T04:01:12.595+08:00 DEBUG 11984 --- [hotel_reservation] [           main] o.s.b.f.s.DefaultListableBeanFactory     : Creating shared instance of singleton bean 'org.springframework.boot.autoconfigure.web.servlet.WebMvcAutoConfiguration$WebMvcAutoConfigurationAdapter'
2024-12-19T04:01:12.596+08:00 DEBUG 11984 --- [hotel_reservation] [           main] o.s.b.f.s.DefaultListableBeanFactory     : Autowiring by type from bean name 'org.springframework.boot.autoconfigure.web.servlet.WebMvcAutoConfiguration$WebMvcAutoConfigurationAdapter' via constructor to bean named 'spring.web-org.springframework.boot.autoconfigure.web.WebProperties'
2024-12-19T04:01:12.597+08:00 DEBUG 11984 --- [hotel_reservation] [           main] o.s.b.f.s.DefaultListableBeanFactory     : Autowiring by type from bean name 'org.springframework.boot.autoconfigure.web.servlet.WebMvcAutoConfiguration$WebMvcAutoConfigurationAdapter' via constructor to bean named 'spring.mvc-org.springframework.boot.autoconfigure.web.servlet.WebMvcProperties'
2024-12-19T04:01:12.597+08:00 DEBUG 11984 --- [hotel_reservation] [           main] o.s.b.f.s.DefaultListableBeanFactory     : Autowiring by type from bean name 'org.springframework.boot.autoconfigure.web.servlet.WebMvcAutoConfiguration$WebMvcAutoConfigurationAdapter' via constructor to bean named 'org.springframework.beans.factory.support.DefaultListableBeanFactory@5a101b1c'
2024-12-19T04:01:12.604+08:00 DEBUG 11984 --- [hotel_reservation] [           main] o.s.b.f.s.DefaultListableBeanFactory     : Creating shared instance of singleton bean 'openEntityManagerInViewInterceptorConfigurer'
2024-12-19T04:01:12.605+08:00 DEBUG 11984 --- [hotel_reservation] [           main] o.s.b.f.s.DefaultListableBeanFactory     : Creating shared instance of singleton bean 'org.springframework.boot.autoconfigure.orm.jpa.JpaBaseConfiguration$JpaWebConfiguration'
2024-12-19T04:01:12.606+08:00 DEBUG 11984 --- [hotel_reservation] [           main] o.s.b.f.s.DefaultListableBeanFactory     : Autowiring by type from bean name 'org.springframework.boot.autoconfigure.orm.jpa.JpaBaseConfiguration$JpaWebConfiguration' via constructor to bean named 'spring.jpa-org.springframework.boot.autoconfigure.orm.jpa.JpaProperties'
2024-12-19T04:01:12.607+08:00 DEBUG 11984 --- [hotel_reservation] [           main] o.s.b.f.s.DefaultListableBeanFactory     : Creating shared instance of singleton bean 'openEntityManagerInViewInterceptor'
2024-12-19T04:01:12.607+08:00  WARN 11984 --- [hotel_reservation] [           main] JpaBaseConfiguration$JpaWebConfiguration : spring.jpa.open-in-view is enabled by default. Therefore, database queries may be performed during view rendering. Explicitly configure spring.jpa.open-in-view to disable this warning
2024-12-19T04:01:12.610+08:00 DEBUG 11984 --- [hotel_reservation] [           main] o.s.b.f.s.DefaultListableBeanFactory     : Autowiring by type from bean name 'openEntityManagerInViewInterceptorConfigurer' via factory method to bean named 'openEntityManagerInViewInterceptor'
2024-12-19T04:01:12.614+08:00 DEBUG 11984 --- [hotel_reservation] [           main] o.s.b.f.s.DefaultListableBeanFactory     : Creating shared instance of singleton bean 'org.springframework.data.web.config.SpringDataWebConfiguration'
2024-12-19T04:01:12.617+08:00 DEBUG 11984 --- [hotel_reservation] [           main] o.s.b.f.s.DefaultListableBeanFactory     : Autowiring by type from bean name 'org.springframework.data.web.config.SpringDataWebConfiguration' via constructor to bean named 'org.springframework.web.context.support.GenericWebApplicationContext@5fd9b663'
2024-12-19T04:01:12.623+08:00 DEBUG 11984 --- [hotel_reservation] [           main] o.s.b.f.s.DefaultListableBeanFactory     : Creating shared instance of singleton bean 'welcomePageHandlerMapping'
2024-12-19T04:01:12.624+08:00 DEBUG 11984 --- [hotel_reservation] [           main] o.s.b.f.s.DefaultListableBeanFactory     : Creating shared instance of singleton bean 'mvcConversionService'
2024-12-19T04:01:12.641+08:00 DEBUG 11984 --- [hotel_reservation] [           main] o.s.b.f.s.DefaultListableBeanFactory     : Creating shared instance of singleton bean 'mvcResourceUrlProvider'
2024-12-19T04:01:12.646+08:00 DEBUG 11984 --- [hotel_reservation] [           main] o.s.b.f.s.DefaultListableBeanFactory     : Autowiring by type from bean name 'welcomePageHandlerMapping' via factory method to bean named 'org.springframework.web.context.support.GenericWebApplicationContext@5fd9b663'
2024-12-19T04:01:12.647+08:00 DEBUG 11984 --- [hotel_reservation] [           main] o.s.b.f.s.DefaultListableBeanFactory     : Autowiring by type from bean name 'welcomePageHandlerMapping' via factory method to bean named 'mvcConversionService'
2024-12-19T04:01:12.647+08:00 DEBUG 11984 --- [hotel_reservation] [           main] o.s.b.f.s.DefaultListableBeanFactory     : Autowiring by type from bean name 'welcomePageHandlerMapping' via factory method to bean named 'mvcResourceUrlProvider'
2024-12-19T04:01:12.703+08:00 DEBUG 11984 --- [hotel_reservation] [           main] o.s.b.f.s.DefaultListableBeanFactory     : Creating shared instance of singleton bean 'welcomePageNotAcceptableHandlerMapping'
2024-12-19T04:01:12.704+08:00 DEBUG 11984 --- [hotel_reservation] [           main] o.s.b.f.s.DefaultListableBeanFactory     : Autowiring by type from bean name 'welcomePageNotAcceptableHandlerMapping' via factory method to bean named 'org.springframework.web.context.support.GenericWebApplicationContext@5fd9b663'
2024-12-19T04:01:12.704+08:00 DEBUG 11984 --- [hotel_reservation] [           main] o.s.b.f.s.DefaultListableBeanFactory     : Autowiring by type from bean name 'welcomePageNotAcceptableHandlerMapping' via factory method to bean named 'mvcConversionService'
2024-12-19T04:01:12.704+08:00 DEBUG 11984 --- [hotel_reservation] [           main] o.s.b.f.s.DefaultListableBeanFactory     : Autowiring by type from bean name 'welcomePageNotAcceptableHandlerMapping' via factory method to bean named 'mvcResourceUrlProvider'
2024-12-19T04:01:12.709+08:00 DEBUG 11984 --- [hotel_reservation] [           main] o.s.b.f.s.DefaultListableBeanFactory     : Creating shared instance of singleton bean 'localeResolver'
2024-12-19T04:01:12.711+08:00 DEBUG 11984 --- [hotel_reservation] [           main] o.s.b.f.s.DefaultListableBeanFactory     : Creating shared instance of singleton bean 'themeResolver'
2024-12-19T04:01:12.713+08:00 DEBUG 11984 --- [hotel_reservation] [           main] o.s.b.f.s.DefaultListableBeanFactory     : Creating shared instance of singleton bean 'flashMapManager'
2024-12-19T04:01:12.717+08:00 DEBUG 11984 --- [hotel_reservation] [           main] o.s.b.f.s.DefaultListableBeanFactory     : Creating shared instance of singleton bean 'viewNameTranslator'
2024-12-19T04:01:12.720+08:00 DEBUG 11984 --- [hotel_reservation] [           main] o.s.b.f.s.DefaultListableBeanFactory     : Creating shared instance of singleton bean 'mvcValidator'
2024-12-19T04:01:12.732+08:00 DEBUG 11984 --- [hotel_reservation] [           main] o.s.b.f.s.DefaultListableBeanFactory     : Creating shared instance of singleton bean 'mvcContentNegotiationManager'
2024-12-19T04:01:12.736+08:00 DEBUG 11984 --- [hotel_reservation] [           main] o.s.b.f.s.DefaultListableBeanFactory     : Creating shared instance of singleton bean 'requestMappingHandlerMapping'
2024-12-19T04:01:12.738+08:00 DEBUG 11984 --- [hotel_reservation] [           main] o.s.b.f.s.DefaultListableBeanFactory     : Autowiring by type from bean name 'requestMappingHandlerMapping' via factory method to bean named 'mvcContentNegotiationManager'
2024-12-19T04:01:12.738+08:00 DEBUG 11984 --- [hotel_reservation] [           main] o.s.b.f.s.DefaultListableBeanFactory     : Autowiring by type from bean name 'requestMappingHandlerMapping' via factory method to bean named 'mvcConversionService'
2024-12-19T04:01:12.738+08:00 DEBUG 11984 --- [hotel_reservation] [           main] o.s.b.f.s.DefaultListableBeanFactory     : Autowiring by type from bean name 'requestMappingHandlerMapping' via factory method to bean named 'mvcResourceUrlProvider'
2024-12-19T04:01:12.798+08:00 DEBUG 11984 --- [hotel_reservation] [           main] s.w.s.m.m.a.RequestMappingHandlerMapping : 10 mappings in 'requestMappingHandlerMapping'
2024-12-19T04:01:12.802+08:00 DEBUG 11984 --- [hotel_reservation] [           main] o.s.b.f.s.DefaultListableBeanFactory     : Creating shared instance of singleton bean 'mvcPatternParser'
2024-12-19T04:01:12.802+08:00 DEBUG 11984 --- [hotel_reservation] [           main] o.s.b.f.s.DefaultListableBeanFactory     : Creating shared instance of singleton bean 'mvcUrlPathHelper'
2024-12-19T04:01:12.803+08:00 DEBUG 11984 --- [hotel_reservation] [           main] o.s.b.f.s.DefaultListableBeanFactory     : Creating shared instance of singleton bean 'mvcPathMatcher'
2024-12-19T04:01:12.806+08:00 DEBUG 11984 --- [hotel_reservation] [           main] o.s.b.f.s.DefaultListableBeanFactory     : Creating shared instance of singleton bean 'viewControllerHandlerMapping'
2024-12-19T04:01:12.807+08:00 DEBUG 11984 --- [hotel_reservation] [           main] o.s.b.f.s.DefaultListableBeanFactory     : Autowiring by type from bean name 'viewControllerHandlerMapping' via factory method to bean named 'mvcConversionService'
2024-12-19T04:01:12.807+08:00 DEBUG 11984 --- [hotel_reservation] [           main] o.s.b.f.s.DefaultListableBeanFactory     : Autowiring by type from bean name 'viewControllerHandlerMapping' via factory method to bean named 'mvcResourceUrlProvider'
2024-12-19T04:01:12.808+08:00 DEBUG 11984 --- [hotel_reservation] [           main] o.s.b.f.s.DefaultListableBeanFactory     : Creating shared instance of singleton bean 'beanNameHandlerMapping'
2024-12-19T04:01:12.808+08:00 DEBUG 11984 --- [hotel_reservation] [           main] o.s.b.f.s.DefaultListableBeanFactory     : Autowiring by type from bean name 'beanNameHandlerMapping' via factory method to bean named 'mvcConversionService'
2024-12-19T04:01:12.808+08:00 DEBUG 11984 --- [hotel_reservation] [           main] o.s.b.f.s.DefaultListableBeanFactory     : Autowiring by type from bean name 'beanNameHandlerMapping' via factory method to bean named 'mvcResourceUrlProvider'
2024-12-19T04:01:12.811+08:00 DEBUG 11984 --- [hotel_reservation] [           main] o.s.b.f.s.DefaultListableBeanFactory     : Creating shared instance of singleton bean 'routerFunctionMapping'
2024-12-19T04:01:12.811+08:00 DEBUG 11984 --- [hotel_reservation] [           main] o.s.b.f.s.DefaultListableBeanFactory     : Autowiring by type from bean name 'routerFunctionMapping' via factory method to bean named 'mvcConversionService'
2024-12-19T04:01:12.811+08:00 DEBUG 11984 --- [hotel_reservation] [           main] o.s.b.f.s.DefaultListableBeanFactory     : Autowiring by type from bean name 'routerFunctionMapping' via factory method to bean named 'mvcResourceUrlProvider'
2024-12-19T04:01:12.814+08:00 DEBUG 11984 --- [hotel_reservation] [           main] o.s.b.f.s.DefaultListableBeanFactory     : Creating shared instance of singleton bean 'messageConverters'
2024-12-19T04:01:12.814+08:00 DEBUG 11984 --- [hotel_reservation] [           main] o.s.b.f.s.DefaultListableBeanFactory     : Creating shared instance of singleton bean 'org.springframework.boot.autoconfigure.http.HttpMessageConvertersAutoConfiguration'
2024-12-19T04:01:12.823+08:00 DEBUG 11984 --- [hotel_reservation] [           main] o.s.b.f.s.DefaultListableBeanFactory     : Creating shared instance of singleton bean 'stringHttpMessageConverter'
2024-12-19T04:01:12.823+08:00 DEBUG 11984 --- [hotel_reservation] [           main] o.s.b.f.s.DefaultListableBeanFactory     : Creating shared instance of singleton bean 'org.springframework.boot.autoconfigure.http.HttpMessageConvertersAutoConfiguration$StringHttpMessageConverterConfiguration'
2024-12-19T04:01:12.824+08:00 DEBUG 11984 --- [hotel_reservation] [           main] o.s.b.f.s.DefaultListableBeanFactory     : Autowiring by type from bean name 'stringHttpMessageConverter' via factory method to bean named 'environment'
2024-12-19T04:01:12.834+08:00 DEBUG 11984 --- [hotel_reservation] [           main] o.s.b.f.s.DefaultListableBeanFactory     : Creating shared instance of singleton bean 'mappingJackson2HttpMessageConverter'
2024-12-19T04:01:12.836+08:00 DEBUG 11984 --- [hotel_reservation] [           main] o.s.b.f.s.DefaultListableBeanFactory     : Creating shared instance of singleton bean 'org.springframework.boot.autoconfigure.http.JacksonHttpMessageConvertersConfiguration$MappingJackson2HttpMessageConverterConfiguration'
2024-12-19T04:01:12.838+08:00 DEBUG 11984 --- [hotel_reservation] [           main] o.s.b.f.s.DefaultListableBeanFactory     : Creating shared instance of singleton bean 'jacksonObjectMapper'
2024-12-19T04:01:12.838+08:00 DEBUG 11984 --- [hotel_reservation] [           main] o.s.b.f.s.DefaultListableBeanFactory     : Creating shared instance of singleton bean 'org.springframework.boot.autoconfigure.jackson.JacksonAutoConfiguration$JacksonObjectMapperConfiguration'
2024-12-19T04:01:12.839+08:00 DEBUG 11984 --- [hotel_reservation] [           main] o.s.b.f.s.DefaultListableBeanFactory     : Creating shared instance of singleton bean 'org.springframework.boot.autoconfigure.jackson.JacksonAutoConfiguration$JacksonObjectMapperBuilderConfiguration'
2024-12-19T04:01:12.841+08:00 DEBUG 11984 --- [hotel_reservation] [           main] o.s.b.f.s.DefaultListableBeanFactory     : Creating shared instance of singleton bean 'standardJacksonObjectMapperBuilderCustomizer'
2024-12-19T04:01:12.841+08:00 DEBUG 11984 --- [hotel_reservation] [           main] o.s.b.f.s.DefaultListableBeanFactory     : Creating shared instance of singleton bean 'org.springframework.boot.autoconfigure.jackson.JacksonAutoConfiguration$Jackson2ObjectMapperBuilderCustomizerConfiguration'
2024-12-19T04:01:12.842+08:00 DEBUG 11984 --- [hotel_reservation] [           main] o.s.b.f.s.DefaultListableBeanFactory     : Creating shared instance of singleton bean 'spring.jackson-org.springframework.boot.autoconfigure.jackson.JacksonProperties'
2024-12-19T04:01:12.847+08:00 DEBUG 11984 --- [hotel_reservation] [           main] o.s.b.f.s.DefaultListableBeanFactory     : Autowiring by type from bean name 'standardJacksonObjectMapperBuilderCustomizer' via factory method to bean named 'spring.jackson-org.springframework.boot.autoconfigure.jackson.JacksonProperties'
2024-12-19T04:01:12.848+08:00 DEBUG 11984 --- [hotel_reservation] [           main] o.s.b.f.s.DefaultListableBeanFactory     : Creating shared instance of singleton bean 'parameterNamesModule'
2024-12-19T04:01:12.849+08:00 DEBUG 11984 --- [hotel_reservation] [           main] o.s.b.f.s.DefaultListableBeanFactory     : Creating shared instance of singleton bean 'org.springframework.boot.autoconfigure.jackson.JacksonAutoConfiguration$ParameterNamesModuleConfiguration'
2024-12-19T04:01:12.860+08:00 DEBUG 11984 --- [hotel_reservation] [           main] o.s.b.f.s.DefaultListableBeanFactory     : Creating shared instance of singleton bean 'jsonMixinModule'
2024-12-19T04:01:12.861+08:00 DEBUG 11984 --- [hotel_reservation] [           main] o.s.b.f.s.DefaultListableBeanFactory     : Creating shared instance of singleton bean 'org.springframework.boot.autoconfigure.jackson.JacksonAutoConfiguration$JacksonMixinConfiguration'
2024-12-19T04:01:12.862+08:00 DEBUG 11984 --- [hotel_reservation] [           main] o.s.b.f.s.DefaultListableBeanFactory     : Creating shared instance of singleton bean 'jsonMixinModuleEntries'
2024-12-19T04:01:12.862+08:00 DEBUG 11984 --- [hotel_reservation] [           main] o.s.b.f.s.DefaultListableBeanFactory     : Autowiring by type from bean name 'jsonMixinModuleEntries' via factory method to bean named 'org.springframework.web.context.support.GenericWebApplicationContext@5fd9b663'
2024-12-19T04:01:12.872+08:00 DEBUG 11984 --- [hotel_reservation] [           main] o.s.b.f.s.DefaultListableBeanFactory     : Autowiring by type from bean name 'jsonMixinModule' via factory method to bean named 'org.springframework.web.context.support.GenericWebApplicationContext@5fd9b663'
2024-12-19T04:01:12.872+08:00 DEBUG 11984 --- [hotel_reservation] [           main] o.s.b.f.s.DefaultListableBeanFactory     : Autowiring by type from bean name 'jsonMixinModule' via factory method to bean named 'jsonMixinModuleEntries'
2024-12-19T04:01:12.876+08:00 DEBUG 11984 --- [hotel_reservation] [           main] o.s.b.f.s.DefaultListableBeanFactory     : Creating shared instance of singleton bean 'jsonComponentModule'
2024-12-19T04:01:12.876+08:00 DEBUG 11984 --- [hotel_reservation] [           main] o.s.b.f.s.DefaultListableBeanFactory     : Creating shared instance of singleton bean 'org.springframework.boot.autoconfigure.jackson.JacksonAutoConfiguration'
2024-12-19T04:01:12.881+08:00 DEBUG 11984 --- [hotel_reservation] [           main] o.s.b.f.s.DefaultListableBeanFactory     : Creating shared instance of singleton bean 'jacksonGeoModule'
2024-12-19T04:01:12.881+08:00 DEBUG 11984 --- [hotel_reservation] [           main] o.s.b.f.s.DefaultListableBeanFactory     : Creating shared instance of singleton bean 'org.springframework.data.web.config.SpringDataJacksonConfiguration'
2024-12-19T04:01:12.883+08:00 DEBUG 11984 --- [hotel_reservation] [           main] o.s.b.f.s.DefaultListableBeanFactory     : Creating shared instance of singleton bean 'springDataWebSettings'
2024-12-19T04:01:12.883+08:00 DEBUG 11984 --- [hotel_reservation] [           main] o.s.b.f.s.DefaultListableBeanFactory     : Creating shared instance of singleton bean 'org.springframework.boot.autoconfigure.data.web.SpringDataWebAutoConfiguration'
2024-12-19T04:01:12.884+08:00 DEBUG 11984 --- [hotel_reservation] [           main] o.s.b.f.s.DefaultListableBeanFactory     : Creating shared instance of singleton bean 'spring.data.web-org.springframework.boot.autoconfigure.data.web.SpringDataWebProperties'
2024-12-19T04:01:12.886+08:00 DEBUG 11984 --- [hotel_reservation] [           main] o.s.b.f.s.DefaultListableBeanFactory     : Autowiring by type from bean name 'org.springframework.boot.autoconfigure.data.web.SpringDataWebAutoConfiguration' via constructor to bean named 'spring.data.web-org.springframework.boot.autoconfigure.data.web.SpringDataWebProperties'
2024-12-19T04:01:12.893+08:00 DEBUG 11984 --- [hotel_reservation] [           main] o.s.b.f.s.DefaultListableBeanFactory     : Creating shared instance of singleton bean 'pageModule'
2024-12-19T04:01:12.897+08:00 DEBUG 11984 --- [hotel_reservation] [           main] o.s.b.f.s.DefaultListableBeanFactory     : Autowiring by type from bean name 'jacksonObjectMapperBuilder' via factory method to bean named 'org.springframework.web.context.support.GenericWebApplicationContext@5fd9b663'
2024-12-19T04:01:12.897+08:00 DEBUG 11984 --- [hotel_reservation] [           main] o.s.b.f.s.DefaultListableBeanFactory     : Autowiring by type from bean name 'jacksonObjectMapperBuilder' via factory method to bean named 'standardJacksonObjectMapperBuilderCustomizer'
2024-12-19T04:01:12.899+08:00 DEBUG 11984 --- [hotel_reservation] [           main] o.s.b.f.s.DefaultListableBeanFactory     : Autowiring by type from bean name 'jacksonObjectMapper' via factory method to bean named 'jacksonObjectMapperBuilder'
2024-12-19T04:01:12.925+08:00 DEBUG 11984 --- [hotel_reservation] [           main] o.s.b.f.s.DefaultListableBeanFactory     : Autowiring by type from bean name 'mappingJackson2HttpMessageConverter' via factory method to bean named 'jacksonObjectMapper'
2024-12-19T04:01:12.986+08:00 DEBUG 11984 --- [hotel_reservation] [           main] o.s.b.f.s.DefaultListableBeanFactory     : Creating shared instance of singleton bean 'resourceHandlerMapping'
2024-12-19T04:01:12.987+08:00 DEBUG 11984 --- [hotel_reservation] [           main] o.s.b.f.s.DefaultListableBeanFactory     : Autowiring by type from bean name 'resourceHandlerMapping' via factory method to bean named 'mvcContentNegotiationManager'
2024-12-19T04:01:12.988+08:00 DEBUG 11984 --- [hotel_reservation] [           main] o.s.b.f.s.DefaultListableBeanFactory     : Autowiring by type from bean name 'resourceHandlerMapping' via factory method to bean named 'mvcConversionService'
2024-12-19T04:01:12.988+08:00 DEBUG 11984 --- [hotel_reservation] [           main] o.s.b.f.s.DefaultListableBeanFactory     : Autowiring by type from bean name 'resourceHandlerMapping' via factory method to bean named 'mvcResourceUrlProvider'
2024-12-19T04:01:13.001+08:00 DEBUG 11984 --- [hotel_reservation] [           main] o.s.w.s.handler.SimpleUrlHandlerMapping  : Patterns [/webjars/**, /**] in 'resourceHandlerMapping'
2024-12-19T04:01:13.002+08:00 DEBUG 11984 --- [hotel_reservation] [           main] o.s.b.f.s.DefaultListableBeanFactory     : Creating shared instance of singleton bean 'defaultServletHandlerMapping'
2024-12-19T04:01:13.003+08:00 DEBUG 11984 --- [hotel_reservation] [           main] o.s.b.f.s.DefaultListableBeanFactory     : Creating shared instance of singleton bean 'requestMappingHandlerAdapter'
2024-12-19T04:01:13.003+08:00 DEBUG 11984 --- [hotel_reservation] [           main] o.s.b.f.s.DefaultListableBeanFactory     : Autowiring by type from bean name 'requestMappingHandlerAdapter' via factory method to bean named 'mvcContentNegotiationManager'
[...]

   RabbitAutoConfiguration:
      Did not match:
         - @ConditionalOnClass did not find required class 'com.rabbitmq.client.Channel' (OnClassCondition)

   ReactiveElasticsearchClientAutoConfiguration:
      Did not match:
         - @ConditionalOnClass did not find required class 'co.elastic.clients.transport.ElasticsearchTransport' (OnClassCondition)

   ReactiveElasticsearchRepositoriesAutoConfiguration:
      Did not match:
         - @ConditionalOnClass did not find required class 'reactor.core.publisher.Mono' (OnClassCondition)

   ReactiveMultipartAutoConfiguration:
      Did not match:
         - @ConditionalOnClass did not find required class 'org.springframework.web.reactive.config.WebFluxConfigurer' (OnClassCondition)

   ReactiveOAuth2ClientAutoConfiguration:
      Did not match:
         - @ConditionalOnClass did not find required class 'reactor.core.publisher.Flux' (OnClassCondition)

   ReactiveOAuth2ResourceServerAutoConfiguration:
      Did not match:
         - @ConditionalOnClass did not find required class 'org.springframework.security.config.annotation.web.reactive.EnableWebFluxSecurity' (OnClassCondition)

   ReactiveSecurityAutoConfiguration:
      Did not match:
         - @ConditionalOnClass did not find required class 'reactor.core.publisher.Flux' (OnClassCondition)

   ReactiveUserDetailsServiceAutoConfiguration:
      Did not match:
         - @ConditionalOnClass did not find required class 'org.springframework.security.authentication.ReactiveAuthenticationManager' (OnClassCondition)

   ReactiveWebServerFactoryAutoConfiguration:
      Did not match:
         - @ConditionalOnWebApplication did not find reactive web application classes (OnWebApplicationCondition)

   ReactorAutoConfiguration:
      Did not match:
         - @ConditionalOnClass did not find required class 'reactor.core.publisher.Hooks' (OnClassCondition)

   RedisAutoConfiguration:
      Did not match:
         - @ConditionalOnClass did not find required class 'org.springframework.data.redis.core.RedisOperations' (OnClassCondition)

   RedisCacheConfiguration:
      Did not match:
         - @ConditionalOnClass did not find required class 'org.springframework.data.redis.connection.RedisConnectionFactory' (OnClassCondition)

   RedisReactiveAutoConfiguration:
      Did not match:
         - @ConditionalOnClass did not find required class 'reactor.core.publisher.Flux' (OnClassCondition)

   RedisRepositoriesAutoConfiguration:
      Did not match:
         - @ConditionalOnClass did not find required class 'org.springframework.data.redis.repository.configuration.EnableRedisRepositories' (OnClassCondition)

   RepositoryRestMvcAutoConfiguration:
      Did not match:
         - @ConditionalOnClass did not find required class 'org.springframework.data.rest.webmvc.config.RepositoryRestMvcConfiguration' (OnClassCondition)

   Saml2RelyingPartyAutoConfiguration:
      Did not match:
         - @ConditionalOnClass did not find required class 'org.springframework.security.saml2.provider.service.registration.RelyingPartyRegistrationRepository' (OnClassCondition)

   SecurityAutoConfiguration:
      Did not match:
         - @ConditionalOnClass did not find required class 'org.springframework.security.authentication.DefaultAuthenticationEventPublisher' (OnClassCondition)

   SecurityFilterAutoConfiguration:
      Did not match:
         - @ConditionalOnClass did not find required class 'org.springframework.security.config.http.SessionCreationPolicy' (OnClassCondition)

   SendGridAutoConfiguration:
      Did not match:
         - @ConditionalOnClass did not find required class 'com.sendgrid.SendGrid' (OnClassCondition)

   ServletWebServerFactoryAutoConfiguration.ForwardedHeaderFilterConfiguration:
      Did not match:
         - @ConditionalOnProperty (server.forward-headers-strategy=framework) did not find property 'server.forward-headers-strategy' (OnPropertyCondition)

   ServletWebServerFactoryConfiguration.EmbeddedJetty:
      Did not match:
         - @ConditionalOnClass did not find required classes 'org.eclipse.jetty.server.Server', 'org.eclipse.jetty.util.Loader', 'org.eclipse.jetty.ee10.webapp.WebAppContext' (OnClassCondition)

   ServletWebServerFactoryConfiguration.EmbeddedUndertow:
      Did not match:
         - @ConditionalOnClass did not find required classes 'io.undertow.Undertow', 'org.xnio.SslClientAuthMode' (OnClassCondition)

   SessionAutoConfiguration:
      Did not match:
         - @ConditionalOnClass did not find required class 'org.springframework.session.Session' (OnClassCondition)

   SpringApplicationAdminJmxAutoConfiguration:
      Did not match:
         - @ConditionalOnProperty (spring.application.admin.enabled=true) did not find property 'enabled' (OnPropertyCondition)

   TaskExecutorConfigurations.SimpleAsyncTaskExecutorBuilderConfiguration#simpleAsyncTaskExecutorBuilderVirtualThreads:
      Did not match:
         - @ConditionalOnMissingBean (types: org.springframework.boot.task.SimpleAsyncTaskExecutorBuilder; SearchStrategy: all) found beans of type 'org.springframework.boot.task.SimpleAsyncTaskExecutorBuilder' simpleAsyncTaskExecutorBuilder (OnBeanCondition)

   TaskExecutorConfigurations.TaskExecutorConfiguration#applicationTaskExecutorVirtualThreads:
      Did not match:
         - @ConditionalOnThreading did not find VIRTUAL (OnThreadingCondition)

   TaskSchedulingAutoConfiguration#scheduledBeanLazyInitializationExcludeFilter:
      Did not match:
         - @ConditionalOnBean (names: org.springframework.context.annotation.internalScheduledAnnotationProcessor; SearchStrategy: all) did not find any beans named org.springframework.context.annotation.internalScheduledAnnotationProcessor (OnBeanCondition)

   TaskSchedulingConfigurations.SimpleAsyncTaskSchedulerBuilderConfiguration#simpleAsyncTaskSchedulerBuilderVirtualThreads:
      Did not match:
         - @ConditionalOnMissingBean (types: org.springframework.boot.task.SimpleAsyncTaskSchedulerBuilder; SearchStrategy: all) found beans of type 'org.springframework.boot.task.SimpleAsyncTaskSchedulerBuilder' simpleAsyncTaskSchedulerBuilder (OnBeanCondition)

   TaskSchedulingConfigurations.TaskSchedulerConfiguration:
      Did not match:
         - @ConditionalOnBean (names: org.springframework.context.annotation.internalScheduledAnnotationProcessor; SearchStrategy: all) did not find any beans named org.springframework.context.annotation.internalScheduledAnnotationProcessor (OnBeanCondition)

   TemplateEngineConfigurations.ReactiveTemplateEngineConfiguration:
      Did not match:
         - did not find reactive web application classes (OnWebApplicationCondition)

   ThymeleafAutoConfiguration.DataAttributeDialectConfiguration:
      Did not match:
         - @ConditionalOnClass did not find required class 'com.github.mxab.thymeleaf.extras.dataattribute.dialect.DataAttributeDialect' (OnClassCondition)

   ThymeleafAutoConfiguration.ThymeleafSecurityDialectConfiguration:
      Did not match:
         - @ConditionalOnClass did not find required classes 'org.thymeleaf.extras.springsecurity6.dialect.SpringSecurityDialect', 'org.springframework.security.web.server.csrf.CsrfToken' (OnClassCondition)

   ThymeleafAutoConfiguration.ThymeleafWebFluxConfiguration:
      Did not match:
         - did not find reactive web application classes (OnWebApplicationCondition)

   ThymeleafAutoConfiguration.ThymeleafWebLayoutConfiguration:
      Did not match:
         - @ConditionalOnClass did not find required class 'nz.net.ultraq.thymeleaf.layoutdialect.LayoutDialect' (OnClassCondition)

   ThymeleafAutoConfiguration.ThymeleafWebMvcConfiguration#resourceUrlEncodingFilter:
      Did not match:
         - @ConditionalOnEnabledResourceChain did not find class org.webjars.WebJarVersionLocator (OnEnabledResourceChainCondition)

   TransactionAutoConfiguration#transactionalOperator:
      Did not match:
         - @ConditionalOnSingleCandidate (types: org.springframework.transaction.ReactiveTransactionManager; SearchStrategy: all) did not find any beans (OnBeanCondition)

   TransactionAutoConfiguration.AspectJTransactionManagementConfiguration:
      Did not match:
         - @ConditionalOnBean (types: org.springframework.transaction.aspectj.AbstractTransactionAspect; SearchStrategy: all) did not find any beans of type org.springframework.transaction.aspectj.AbstractTransactionAspect (OnBeanCondition)

   TransactionAutoConfiguration.EnableTransactionManagementConfiguration.JdkDynamicAutoProxyConfiguration:
      Did not match:
         - @ConditionalOnProperty (spring.aop.proxy-target-class=false) did not find property 'proxy-target-class' (OnPropertyCondition)

   UserDetailsServiceAutoConfiguration:
      Did not match:
         - @ConditionalOnClass did not find required class 'org.springframework.security.authentication.AuthenticationManager' (OnClassCondition)

   WebClientAutoConfiguration:
      Did not match:
         - @ConditionalOnClass did not find required class 'org.springframework.web.reactive.function.client.WebClient' (OnClassCondition)

   WebFluxAutoConfiguration:
      Did not match:
         - @ConditionalOnClass did not find required class 'org.springframework.web.reactive.config.WebFluxConfigurer' (OnClassCondition)

   WebMvcAutoConfiguration#hiddenHttpMethodFilter:
      Did not match:
         - @ConditionalOnProperty (spring.mvc.hiddenmethod.filter.enabled) did not find property 'enabled' (OnPropertyCondition)

   WebMvcAutoConfiguration.ProblemDetailsErrorHandlingConfiguration:
      Did not match:
         - @ConditionalOnProperty (spring.mvc.problemdetails.enabled=true) did not find property 'enabled' (OnPropertyCondition)

   WebMvcAutoConfiguration.ResourceChainCustomizerConfiguration:
      Did not match:
         - @ConditionalOnEnabledResourceChain did not find class org.webjars.WebJarVersionLocator (OnEnabledResourceChainCondition)

   WebMvcAutoConfiguration.WebMvcAutoConfigurationAdapter#beanNameViewResolver:
      Did not match:
         - @ConditionalOnMissingBean (types: org.springframework.web.servlet.view.BeanNameViewResolver; SearchStrategy: all) found beans of type 'org.springframework.web.servlet.view.BeanNameViewResolver' beanNameViewResolver (OnBeanCondition)

   WebServiceTemplateAutoConfiguration:
      Did not match:
         - @ConditionalOnClass did not find required class 'org.springframework.oxm.Marshaller' (OnClassCondition)

   WebServicesAutoConfiguration:
      Did not match:
         - @ConditionalOnClass did not find required class 'org.springframework.ws.transport.http.MessageDispatcherServlet' (OnClassCondition)

   WebSessionIdResolverAutoConfiguration:
      Did not match:
         - @ConditionalOnClass did not find required class 'reactor.core.publisher.Mono' (OnClassCondition)

   WebSocketMessagingAutoConfiguration:
      Did not match:
         - @ConditionalOnClass did not find required class 'org.springframework.web.socket.config.annotation.WebSocketMessageBrokerConfigurer' (OnClassCondition)

   WebSocketReactiveAutoConfiguration:
      Did not match:
         - @ConditionalOnWebApplication did not find reactive web application classes (OnWebApplicationCondition)

   WebSocketServletAutoConfiguration.JettyWebSocketConfiguration:
      Did not match:
         - @ConditionalOnClass did not find required class 'org.eclipse.jetty.ee10.websocket.jakarta.server.config.JakartaWebSocketServletContainerInitializer' (OnClassCondition)

   WebSocketServletAutoConfiguration.UndertowWebSocketConfiguration:
      Did not match:
         - @ConditionalOnClass did not find required class 'io.undertow.websockets.jsr.Bootstrap' (OnClassCondition)

   XADataSourceAutoConfiguration:
      Did not match:
         - @ConditionalOnBean (types: org.springframework.boot.jdbc.XADataSourceWrapper; SearchStrategy: all) did not find any beans of type org.springframework.boot.jdbc.XADataSourceWrapper (OnBeanCondition)
      Matched:
         - @ConditionalOnClass found required classes 'javax.sql.DataSource', 'jakarta.transaction.TransactionManager', 'org.springframework.jdbc.datasource.embedded.EmbeddedDatabaseType' (OnClassCondition)


Exclusions:
-----------

    None


Unconditional classes:
----------------------

    org.springframework.boot.autoconfigure.context.ConfigurationPropertiesAutoConfiguration

    org.springframework.boot.autoconfigure.ssl.SslAutoConfiguration

    org.springframework.boot.autoconfigure.context.LifecycleAutoConfiguration

    org.springframework.boot.autoconfigure.context.PropertyPlaceholderAutoConfiguration

    org.springframework.boot.autoconfigure.availability.ApplicationAvailabilityAutoConfiguration

    org.springframework.boot.autoconfigure.info.ProjectInfoAutoConfiguration



2024-12-19T04:01:13.317+08:00  INFO 11984 --- [hotel_reservation] [           main] c.e.h.HotelReservationApplicationTests   : Started HotelReservationApplicationTests in 8.118 seconds (process running for 9.551)
2024-12-19T04:01:13.318+08:00 DEBUG 11984 --- [hotel_reservation] [           main] o.s.b.a.ApplicationAvailabilityBean      : Application availability state LivenessState changed to CORRECT
2024-12-19T04:01:13.321+08:00 DEBUG 11984 --- [hotel_reservation] [           main] o.s.b.a.ApplicationAvailabilityBean      : Application availability state ReadinessState changed to ACCEPTING_TRAFFIC
2024-12-19T04:01:13.325+08:00 DEBUG 11984 --- [hotel_reservation] [           main] org.springframework.test.context.cache   : Spring test ApplicationContext cache statistics: [DefaultContextCache@7adc8212 size = 1, maxSize = 32, parentContextCount = 0, hitCount = 0, missCount = 1, failureCount = 0]
2024-12-19T04:01:13.326+08:00 DEBUG 11984 --- [hotel_reservation] [           main] o.s.t.c.w.ServletTestExecutionListener   : Setting up MockHttpServletRequest, MockHttpServletResponse, ServletWebRequest, and RequestContextHolder for test class com.example.hotel_reservation.HotelReservationApplicationTests
2024-12-19T04:01:13.343+08:00 DEBUG 11984 --- [hotel_reservation] [           main] DependencyInjectionTestExecutionListener : Performing dependency injection for test class com.example.hotel_reservation.HotelReservationApplicationTests
2024-12-19T04:01:13.343+08:00 DEBUG 11984 --- [hotel_reservation] [           main] org.springframework.test.context.cache   : Spring test ApplicationContext cache statistics: [DefaultContextCache@7adc8212 size = 1, maxSize = 32, parentContextCount = 0, hitCount = 1, missCount = 1, failureCount = 0]
2024-12-19T04:01:13.345+08:00 DEBUG 11984 --- [hotel_reservation] [           main] org.springframework.test.context.cache   : Spring test ApplicationContext cache statistics: [DefaultContextCache@7adc8212 size = 1, maxSize = 32, parentContextCount = 0, hitCount = 2, missCount = 1, failureCount = 0]
2024-12-19T04:01:13.352+08:00 DEBUG 11984 --- [hotel_reservation] [           main] sContextBeforeModesTestExecutionListener : Before test method: class [HotelReservationApplicationTests], method [contextLoads], class annotated with @DirtiesContext [false] with mode [null], method annotated with @DirtiesContext [false] with mode [null]
2024-12-19T04:01:13.355+08:00 DEBUG 11984 --- [hotel_reservation] [           main] org.springframework.test.context.cache   : Spring test ApplicationContext cache statistics: [DefaultContextCache@7adc8212 size = 1, maxSize = 32, parentContextCount = 0, hitCount = 3, missCount = 1, failureCount = 0]
2024-12-19T04:01:13.355+08:00 DEBUG 11984 --- [hotel_reservation] [           main] org.springframework.test.context.cache   : Spring test ApplicationContext cache statistics: [DefaultContextCache@7adc8212 size = 1, maxSize = 32, parentContextCount = 0, hitCount = 4, missCount = 1, failureCount = 0]
2024-12-19T04:01:13.932+08:00 DEBUG 11984 --- [hotel_reservation] [           main] org.springframework.test.context.cache   : Spring test ApplicationContext cache statistics: [DefaultContextCache@7adc8212 size = 1, maxSize = 32, parentContextCount = 0, hitCount = 5, missCount = 1, failureCount = 0]
2024-12-19T04:01:13.937+08:00 DEBUG 11984 --- [hotel_reservation] [           main] org.springframework.test.context.cache   : Spring test ApplicationContext cache statistics: [DefaultContextCache@7adc8212 size = 1, maxSize = 32, parentContextCount = 0, hitCount = 6, missCount = 1, failureCount = 0]
2024-12-19T04:01:13.944+08:00 DEBUG 11984 --- [hotel_reservation] [           main] org.springframework.test.context.cache   : Spring test ApplicationContext cache statistics: [DefaultContextCache@7adc8212 size = 1, maxSize = 32, parentContextCount = 0, hitCount = 7, missCount = 1, failureCount = 0]
2024-12-19T04:01:13.945+08:00 DEBUG 11984 --- [hotel_reservation] [           main] org.springframework.test.context.cache   : Spring test ApplicationContext cache statistics: [DefaultContextCache@7adc8212 size = 1, maxSize = 32, parentContextCount = 0, hitCount = 8, missCount = 1, failureCount = 0]
2024-12-19T04:01:13.946+08:00 DEBUG 11984 --- [hotel_reservation] [           main] org.springframework.test.context.cache   : Spring test ApplicationContext cache statistics: [DefaultContextCache@7adc8212 size = 1, maxSize = 32, parentContextCount = 0, hitCount = 9, missCount = 1, failureCount = 0]
2024-12-19T04:01:13.947+08:00 DEBUG 11984 --- [hotel_reservation] [           main] org.springframework.test.context.cache   : Spring test ApplicationContext cache statistics: [DefaultContextCache@7adc8212 size = 1, maxSize = 32, parentContextCount = 0, hitCount = 10, missCount = 1, failureCount = 0]
2024-12-19T04:01:13.948+08:00 DEBUG 11984 --- [hotel_reservation] [           main] org.springframework.test.context.cache   : Spring test ApplicationContext cache statistics: [DefaultContextCache@7adc8212 size = 1, maxSize = 32, parentContextCount = 0, hitCount = 11, missCount = 1, failureCount = 0]
2024-12-19T04:01:13.950+08:00 DEBUG 11984 --- [hotel_reservation] [           main] org.springframework.test.context.cache   : Spring test ApplicationContext cache statistics: [DefaultContextCache@7adc8212 size = 1, maxSize = 32, parentContextCount = 0, hitCount = 12, missCount = 1, failureCount = 0]
2024-12-19T04:01:13.951+08:00 DEBUG 11984 --- [hotel_reservation] [           main] org.springframework.test.context.cache   : Spring test ApplicationContext cache statistics: [DefaultContextCache@7adc8212 size = 1, maxSize = 32, parentContextCount = 0, hitCount = 13, missCount = 1, failureCount = 0]
2024-12-19T04:01:13.952+08:00 DEBUG 11984 --- [hotel_reservation] [           main] .c.s.DirtiesContextTestExecutionListener : After test method: class [HotelReservationApplicationTests], method [contextLoads], class annotated with @DirtiesContext [false] with mode [null], method annotated with @DirtiesContext [false] with mode [null]
2024-12-19T04:01:13.952+08:00 DEBUG 11984 --- [hotel_reservation] [           main] o.s.t.c.w.ServletTestExecutionListener   : Resetting RequestContextHolder for test class com.example.hotel_reservation.HotelReservationApplicationTests
]]></system-out>
    <system-err><![CDATA[Mockito is currently self-attaching to enable the inline-mock-maker. This will no longer work in future releases of the JDK. Please add Mockito as an agent to your build what is described in Mockito's documentation: https://javadoc.io/doc/org.mockito/mockito-core/latest/org/mockito/Mockito.html#0.3
WARNING: A Java agent has been loaded dynamically (C:\Users\Jimmy Laio\.m2\repository\net\bytebuddy\byte-buddy-agent\1.15.10\byte-buddy-agent-1.15.10.jar)
WARNING: If a serviceability tool is in use, please run with -XX:+EnableDynamicAgentLoading to hide this warning
WARNING: If a serviceability tool is not in use, please run with -Djdk.instrument.traceUsage for more information
WARNING: Dynamic loading of agents will be disallowed by default in a future release
]]></system-err>
  </testcase>
</testsuite>